2026-03-25 13:45:08,501 - INFO - Browser opened
2026-03-25 13:45:08,620 - INFO - Close browser
2026-03-25 13:46:59,249 - INFO - Browser opened
2026-03-25 13:46:59,368 - INFO - Close browser
2026-03-25 13:47:25,583 - INFO - Browser opened
2026-03-25 13:47:25,713 - INFO - Close browser
2026-03-25 13:49:52,779 - INFO - Browser opened
2026-03-25 13:49:52,945 - INFO - Close browser
2026-03-25 13:51:55,731 - INFO - Browser opened
2026-03-25 13:51:55,739 - INFO - Close browser
2026-03-25 13:59:15,522 - INFO - Browser opened
2026-03-25 13:59:15,671 - INFO - Close browser
2026-03-25 14:09:22,092 - INFO - Browser opened
2026-03-25 14:09:22,103 - INFO - Close browser
2026-03-25 14:11:26,151 - INFO - Browser opened
2026-03-25 14:11:26,154 - INFO - [STEP] Click element id:ese-id0_d0cap6e325k0_vhhomg4j2g4
2026-03-25 14:11:36,499 - INFO - Close browser
2026-03-25 14:12:39,539 - INFO - Browser opened
2026-03-25 14:12:39,541 - INFO - [STEP] Click element id:ese-id0_d0cap6e325k0_vhhomg4j2g4
2026-03-25 14:12:49,813 - INFO - Close browser
2026-03-25 14:13:50,351 - INFO - Browser opened
2026-03-25 14:13:50,355 - INFO - [STEP] Opening page: https://ella.vn/
2026-03-25 14:13:52,288 - INFO - [STEP] Click element id:ese-id0_d0cap6e325k0_vhhomg4j2g4
2026-03-25 14:14:02,897 - INFO - Close browser
2026-03-25 14:16:38,474 - INFO - Browser opened
2026-03-25 14:16:38,476 - INFO - [STEP] Opening page: https://ella.vn/
2026-03-25 14:16:40,194 - INFO - [STEP] Click element xpath://input[@id='ese-id0_5h4lcabf6k40_bs9c5sr4o9c']
2026-03-25 14:16:50,694 - INFO - Close browser
2026-03-25 14:17:24,943 - INFO - Browser opened
2026-03-25 14:17:24,947 - INFO - [STEP] Opening page: https://ella.vn/
2026-03-25 14:17:28,306 - INFO - [STEP] Input text "giày sandal" to element xpath://input[@id='ese-id0_5h4lcabf6k40_bs9c5sr4o9c']
2026-03-25 14:17:38,818 - INFO - Close browser
2026-03-25 14:20:23,944 - INFO - Browser opened
2026-03-25 14:20:23,948 - INFO - [STEP] Opening page: https://ella.vn/
2026-03-25 14:20:27,641 - INFO - [STEP] Click element xpath://input[@placeholder='Tìm kiếm sản phẩm']]
2026-03-25 14:20:28,626 - INFO - Close browser
2026-03-25 14:21:22,271 - INFO - Browser opened
2026-03-25 14:21:22,275 - INFO - [STEP] Opening page: https://ella.vn/
2026-03-25 14:21:26,381 - INFO - [STEP] Click element xpath://input[@placeholder='Tìm kiếm sản phẩm']
2026-03-25 14:21:26,618 - INFO - [STEP] Input text "giày sandal" to element xpath://input[@placeholder='Tìm kiếm sản phẩm']
2026-03-25 14:21:26,764 - INFO - [STEP] Click element css:button[type='submit']
2026-03-25 14:21:30,146 - INFO - Close browser
2026-03-25 14:22:50,589 - INFO - Browser opened
2026-03-25 14:22:50,592 - INFO - [STEP] Opening page: https://ella.vn/
2026-03-25 14:22:52,463 - INFO - [STEP] Click element xpath://input[@placeholder='Tìm kiếm sản phẩm']
2026-03-25 14:22:52,598 - INFO - [STEP] Input text "giày sandal" to element xpath://input[@placeholder='Tìm kiếm sản phẩm']
2026-03-25 14:22:52,772 - INFO - [STEP] Click element css:button[type='submit']
2026-03-25 14:22:55,959 - INFO - Actual text: Giày sandal công sở ELLA 7cm thanh lịch cuốn hút ELA662
2026-03-25 14:22:55,962 - INFO - Expected text: Giày sandal
2026-03-25 14:22:55,963 - INFO - [STEP] Actual text: Giày sandal công sở ELLA 7cm thanh lịch cuốn hút ELA662
2026-03-25 14:22:55,964 - INFO - [STEP] Expected text: Giày sandal
2026-03-25 14:22:55,968 - INFO - Close browser
2026-03-25 14:27:16,970 - INFO - Browser opened
2026-03-25 14:27:16,974 - INFO - [STEP] Opening page: https://ella.vn/
2026-03-25 14:27:22,087 - INFO - [STEP] Click element xpath://input[@placeholder='Tìm kiếm sản phẩm']
2026-03-25 14:27:22,204 - INFO - [STEP] Input text "5cm" to element xpath://input[@placeholder='Tìm kiếm sản phẩm']
2026-03-25 14:27:22,364 - INFO - [STEP] Click element css:button[type='submit']
2026-03-25 14:27:25,194 - INFO - Actual text: Giày cao gót công sở ELLA 5cm - 7cm gót đắp mica tráng gương tinh tế, quyến rũ ELA682
2026-03-25 14:27:25,195 - INFO - Expected text: 5cm
2026-03-25 14:27:25,195 - INFO - [STEP] Actual text: Giày cao gót công sở ELLA 5cm - 7cm gót đắp mica tráng gương tinh tế, quyến rũ ELA682
2026-03-25 14:27:25,196 - INFO - [STEP] Expected text: 5cm
2026-03-25 14:27:25,204 - INFO - [STEP] Opening page: https://ella.vn/
2026-03-25 14:27:25,684 - INFO - [STEP] Click element xpath://input[@placeholder='Tìm kiếm sản phẩm']
2026-03-25 14:27:25,933 - INFO - [STEP] Input text "@" to element xpath://input[@placeholder='Tìm kiếm sản phẩm']
2026-03-25 14:27:26,120 - INFO - [STEP] Click element css:button[type='submit']
2026-03-25 14:27:29,338 - INFO - [STEP] Opening page: https://ella.vn/
2026-03-25 14:27:29,778 - INFO - [STEP] Click element xpath://input[@placeholder='Tìm kiếm sản phẩm']
2026-03-25 14:27:29,995 - INFO - [STEP] Input text "giày sandal" to element xpath://input[@placeholder='Tìm kiếm sản phẩm']
2026-03-25 14:27:30,126 - INFO - [STEP] Click element css:button[type='submit']
2026-03-25 14:27:33,398 - INFO - [STEP] Opening page: https://ella.vn/
2026-03-25 14:27:34,327 - INFO - [STEP] Click element xpath://input[@placeholder='Tìm kiếm sản phẩm']
2026-03-25 14:27:34,556 - INFO - [STEP] Input text "ELA618" to element xpath://input[@placeholder='Tìm kiếm sản phẩm']
2026-03-25 14:27:34,854 - INFO - [STEP] Click element css:button[type='submit']
2026-03-25 14:27:37,693 - INFO - Actual text: Giày sandal công sở ELLA 7cm da bóng họa tiết CC dập chìm sang trọng ELA618
2026-03-25 14:27:37,694 - INFO - Expected text: ELA618
2026-03-25 14:27:37,696 - INFO - [STEP] Actual text: Giày sandal công sở ELLA 7cm da bóng họa tiết CC dập chìm sang trọng ELA618
2026-03-25 14:27:37,697 - INFO - [STEP] Expected text: ELA618
2026-03-25 14:27:37,707 - INFO - [STEP] Opening page: https://ella.vn/
2026-03-25 14:27:38,122 - INFO - [STEP] Click element xpath://input[@placeholder='Tìm kiếm sản phẩm']
2026-03-25 14:27:38,351 - INFO - [STEP] Input text "Giày sandal công sở ELLA 7cm thanh lịch cuốn hút ELA662" to element xpath://input[@placeholder='Tìm kiếm sản phẩm']
2026-03-25 14:27:38,582 - INFO - [STEP] Click element css:button[type='submit']
2026-03-25 14:27:43,887 - INFO - Actual text: Giày sandal công sở ELLA 7cm thanh lịch cuốn hút ELA662
2026-03-25 14:27:43,888 - INFO - Expected text: Giày sandal công sở ELLA 7cm thanh lịch cuốn hút ELA662
2026-03-25 14:27:43,888 - INFO - [STEP] Actual text: Giày sandal công sở ELLA 7cm thanh lịch cuốn hút ELA662
2026-03-25 14:27:43,889 - INFO - [STEP] Expected text: Giày sandal công sở ELLA 7cm thanh lịch cuốn hút ELA662
2026-03-25 14:27:43,893 - INFO - Close browser
2026-03-25 14:32:37,200 - INFO - ================================
2026-03-25 14:32:37,201 - INFO - Browser opened
2026-03-25 14:32:37,206 - INFO - [STEP] Opening page: https://ella.vn/
2026-03-25 14:32:42,571 - INFO - [STEP] Click element xpath://input[@placeholder='Tìm kiếm sản phẩm']
2026-03-25 14:32:42,693 - INFO - [STEP] Input text "5cm" to element xpath://input[@placeholder='Tìm kiếm sản phẩm']
2026-03-25 14:32:42,852 - INFO - [STEP] Click element css:button[type='submit']
2026-03-25 14:32:45,817 - INFO - Actual text: Giày cao gót công sở ELLA 5cm - 7cm gót đắp mica tráng gương tinh tế, quyến rũ ELA682
2026-03-25 14:32:45,818 - INFO - Expected text: 5cm
2026-03-25 14:32:45,818 - INFO - [STEP] Actual text: Giày cao gót công sở ELLA 5cm - 7cm gót đắp mica tráng gương tinh tế, quyến rũ ELA682
2026-03-25 14:32:45,819 - INFO - [STEP] Expected text: 5cm
2026-03-25 14:32:45,830 - INFO - [STEP] Opening page: https://ella.vn/
2026-03-25 14:32:46,329 - INFO - [STEP] Click element xpath://input[@placeholder='Tìm kiếm sản phẩm']
2026-03-25 14:32:46,471 - INFO - [STEP] Input text "@" to element xpath://input[@placeholder='Tìm kiếm sản phẩm']
2026-03-25 14:32:46,778 - INFO - [STEP] Click element css:button[type='submit']
2026-03-25 14:32:50,491 - INFO - [STEP] Opening page: https://ella.vn/
2026-03-25 14:32:50,903 - INFO - [STEP] Click element xpath://input[@placeholder='Tìm kiếm sản phẩm']
2026-03-25 14:32:51,093 - INFO - [STEP] Input text "giày sandal" to element xpath://input[@placeholder='Tìm kiếm sản phẩm']
2026-03-25 14:32:51,349 - INFO - [STEP] Click element css:button[type='submit']
2026-03-25 14:32:54,143 - INFO - Actual text: Giày sandal công sở ELLA 7cm thanh lịch cuốn hút ELA662
2026-03-25 14:32:54,144 - INFO - Expected text: Giày sandal
2026-03-25 14:32:54,145 - INFO - [STEP] Actual text: Giày sandal công sở ELLA 7cm thanh lịch cuốn hút ELA662
2026-03-25 14:32:54,146 - INFO - [STEP] Expected text: Giày sandal
2026-03-25 14:32:54,157 - INFO - [STEP] Opening page: https://ella.vn/
2026-03-25 14:32:54,591 - INFO - [STEP] Click element xpath://input[@placeholder='Tìm kiếm sản phẩm']
2026-03-25 14:32:54,790 - INFO - [STEP] Input text "ELA618" to element xpath://input[@placeholder='Tìm kiếm sản phẩm']
2026-03-25 14:32:55,052 - INFO - [STEP] Click element css:button[type='submit']
2026-03-25 14:32:57,990 - INFO - Actual text: Giày sandal công sở ELLA 7cm da bóng họa tiết CC dập chìm sang trọng ELA618
2026-03-25 14:32:57,991 - INFO - Expected text: ELA618
2026-03-25 14:32:57,992 - INFO - [STEP] Actual text: Giày sandal công sở ELLA 7cm da bóng họa tiết CC dập chìm sang trọng ELA618
2026-03-25 14:32:57,993 - INFO - [STEP] Expected text: ELA618
2026-03-25 14:32:58,008 - INFO - [STEP] Opening page: https://ella.vn/
2026-03-25 14:32:58,440 - INFO - [STEP] Click element xpath://input[@placeholder='Tìm kiếm sản phẩm']
2026-03-25 14:32:58,586 - INFO - [STEP] Input text "Giày sandal công sở ELLA 7cm thanh lịch cuốn hút ELA662" to element xpath://input[@placeholder='Tìm kiếm sản phẩm']
2026-03-25 14:32:58,988 - INFO - [STEP] Click element css:button[type='submit']
2026-03-25 14:33:01,783 - INFO - Actual text: Giày sandal công sở ELLA 7cm thanh lịch cuốn hút ELA662
2026-03-25 14:33:01,784 - INFO - Expected text: Giày sandal công sở ELLA 7cm thanh lịch cuốn hút ELA662
2026-03-25 14:33:01,785 - INFO - [STEP] Actual text: Giày sandal công sở ELLA 7cm thanh lịch cuốn hút ELA662
2026-03-25 14:33:01,786 - INFO - [STEP] Expected text: Giày sandal công sở ELLA 7cm thanh lịch cuốn hút ELA662
2026-03-25 14:33:01,792 - INFO - Close browser
2026-03-25 14:33:01,793 - INFO - ================================
2026-03-25 14:33:51,096 - INFO - ================================
2026-03-25 14:33:51,097 - INFO - Browser opened
2026-03-25 14:33:51,100 - INFO - [STEP] Opening page: https://ella.vn/
2026-03-25 14:33:54,927 - INFO - [STEP] Click element xpath://input[@placeholder='Tìm kiếm sản phẩm']
2026-03-25 14:33:55,038 - INFO - [STEP] Input text "5cm" to element xpath://input[@placeholder='Tìm kiếm sản phẩm']
2026-03-25 14:33:55,173 - INFO - [STEP] Click element css:button[type='submit']
2026-03-25 14:33:58,180 - INFO - Actual text: Giày cao gót công sở ELLA 5cm - 7cm gót đắp mica tráng gương tinh tế, quyến rũ ELA682
2026-03-25 14:33:58,181 - INFO - Expected text: 5cm
2026-03-25 14:33:58,182 - INFO - [STEP] Actual text: Giày cao gót công sở ELLA 5cm - 7cm gót đắp mica tráng gương tinh tế, quyến rũ ELA682
2026-03-25 14:33:58,184 - INFO - [STEP] Expected text: 5cm
2026-03-25 14:33:58,195 - INFO - [STEP] Opening page: https://ella.vn/
2026-03-25 14:33:58,858 - INFO - [STEP] Click element xpath://input[@placeholder='Tìm kiếm sản phẩm']
2026-03-25 14:33:59,019 - INFO - [STEP] Input text "@" to element xpath://input[@placeholder='Tìm kiếm sản phẩm']
2026-03-25 14:33:59,153 - INFO - [STEP] Click element css:button[type='submit']
2026-03-25 14:34:02,446 - INFO - [STEP] Opening page: https://ella.vn/
2026-03-25 14:34:02,850 - INFO - [STEP] Click element xpath://input[@placeholder='Tìm kiếm sản phẩm']
2026-03-25 14:34:02,962 - INFO - [STEP] Input text "giày sandal" to element xpath://input[@placeholder='Tìm kiếm sản phẩm']
2026-03-25 14:34:03,122 - INFO - [STEP] Click element css:button[type='submit']
2026-03-25 14:34:06,308 - INFO - [STEP] Opening page: https://ella.vn/
2026-03-25 14:34:06,755 - INFO - [STEP] Click element xpath://input[@placeholder='Tìm kiếm sản phẩm']
2026-03-25 14:34:06,931 - INFO - [STEP] Input text "ELA618" to element xpath://input[@placeholder='Tìm kiếm sản phẩm']
2026-03-25 14:34:07,045 - INFO - [STEP] Click element css:button[type='submit']
2026-03-25 14:34:10,220 - INFO - Actual text: Giày sandal công sở ELLA 7cm da bóng họa tiết CC dập chìm sang trọng ELA618
2026-03-25 14:34:10,221 - INFO - Expected text: ELA618
2026-03-25 14:34:10,222 - INFO - [STEP] Actual text: Giày sandal công sở ELLA 7cm da bóng họa tiết CC dập chìm sang trọng ELA618
2026-03-25 14:34:10,223 - INFO - [STEP] Expected text: ELA618
2026-03-25 14:34:10,235 - INFO - [STEP] Opening page: https://ella.vn/
2026-03-25 14:34:10,851 - INFO - [STEP] Click element xpath://input[@placeholder='Tìm kiếm sản phẩm']
2026-03-25 14:34:10,992 - INFO - [STEP] Input text "Giày sandal công sở ELLA 7cm thanh lịch cuốn hút ELA662" to element xpath://input[@placeholder='Tìm kiếm sản phẩm']
2026-03-25 14:34:11,353 - INFO - [STEP] Click element css:button[type='submit']
2026-03-25 14:34:14,549 - INFO - Actual text: Giày sandal công sở ELLA 7cm thanh lịch cuốn hút ELA662
2026-03-25 14:34:14,551 - INFO - Expected text: Giày sandal công sở ELLA 7cm thanh lịch cuốn hút ELA662
2026-03-25 14:34:14,552 - INFO - [STEP] Actual text: Giày sandal công sở ELLA 7cm thanh lịch cuốn hút ELA662
2026-03-25 14:34:14,553 - INFO - [STEP] Expected text: Giày sandal công sở ELLA 7cm thanh lịch cuốn hút ELA662
2026-03-25 14:34:14,565 - INFO - [STEP] Opening page: https://ella.vn/
2026-03-25 14:34:15,096 - INFO - [STEP] Click element xpath://input[@placeholder='Tìm kiếm sản phẩm']
2026-03-25 14:34:15,277 - INFO - [STEP] Input text "" to element xpath://input[@placeholder='Tìm kiếm sản phẩm']
2026-03-25 14:34:15,478 - INFO - [STEP] Click element css:button[type='submit']
2026-03-25 14:34:16,432 - INFO - Close browser
2026-03-25 14:34:16,433 - INFO - ================================
2026-03-25 16:45:59,563 - INFO - ================================
2026-03-25 16:45:59,565 - INFO - Browser opened
2026-03-25 16:45:59,570 - INFO - [STEP] Opening page: https://ella.vn/
2026-03-25 16:46:02,743 - INFO - [STEP] Click element xpath://input[@placeholder='Tìm kiếm sản phẩm']
2026-03-25 16:46:02,973 - INFO - [STEP] Input text "5cm" to element xpath://input[@placeholder='Tìm kiếm sản phẩm']
2026-03-25 16:46:03,273 - INFO - [STEP] Click element css:button[type='submit']
2026-03-25 16:46:06,411 - INFO - [STEP] Actual text: Giày cao gót công sở ELLA 5cm - 7cm gót đắp mica tráng gương tinh tế, quyến rũ ELA682
2026-03-25 16:46:06,411 - INFO - [STEP] Expected text: 5cm
2026-03-25 16:46:06,412 - INFO - =====================================
2026-03-25 16:46:06,419 - INFO - [STEP] Opening page: https://ella.vn/
2026-03-25 16:46:06,862 - INFO - [STEP] Click element xpath://input[@placeholder='Tìm kiếm sản phẩm']
2026-03-25 16:46:07,035 - INFO - [STEP] Input text "@" to element xpath://input[@placeholder='Tìm kiếm sản phẩm']
2026-03-25 16:46:07,316 - INFO - [STEP] Click element css:button[type='submit']
2026-03-25 16:46:10,455 - INFO - [STEP] Element located by: xpath:(//div[@class='thread-list-title text-center']) is present on the page.
2026-03-25 16:46:10,467 - INFO - [STEP] Opening page: https://ella.vn/
2026-03-25 16:46:10,904 - INFO - [STEP] Click element xpath://input[@placeholder='Tìm kiếm sản phẩm']
2026-03-25 16:46:11,046 - INFO - [STEP] Input text "giày sandal" to element xpath://input[@placeholder='Tìm kiếm sản phẩm']
2026-03-25 16:46:11,333 - INFO - [STEP] Click element css:button[type='submit']
2026-03-25 16:46:14,117 - INFO - [STEP] Actual text: Giày sandal công sở ELLA 7cm thanh lịch cuốn hút ELA662
2026-03-25 16:46:14,118 - INFO - [STEP] Expected text: Giày sandal
2026-03-25 16:46:14,118 - INFO - =====================================
2026-03-25 16:46:14,127 - INFO - [STEP] Opening page: https://ella.vn/
2026-03-25 16:46:15,401 - INFO - [STEP] Click element xpath://input[@placeholder='Tìm kiếm sản phẩm']
2026-03-25 16:46:15,546 - INFO - [STEP] Input text "ELA618" to element xpath://input[@placeholder='Tìm kiếm sản phẩm']
2026-03-25 16:46:15,739 - INFO - [STEP] Click element css:button[type='submit']
2026-03-25 16:46:18,676 - INFO - [STEP] Actual text: Giày sandal công sở ELLA 7cm da bóng họa tiết CC dập chìm sang trọng ELA618
2026-03-25 16:46:18,677 - INFO - [STEP] Expected text: ELA618
2026-03-25 16:46:18,678 - INFO - =====================================
2026-03-25 16:46:18,688 - INFO - [STEP] Opening page: https://ella.vn/
2026-03-25 16:46:19,128 - INFO - [STEP] Click element xpath://input[@placeholder='Tìm kiếm sản phẩm']
2026-03-25 16:46:19,284 - INFO - [STEP] Input text "Giày sandal công sở ELLA 7cm thanh lịch cuốn hút ELA662" to element xpath://input[@placeholder='Tìm kiếm sản phẩm']
2026-03-25 16:46:19,549 - INFO - [STEP] Click element css:button[type='submit']
2026-03-25 16:46:22,430 - INFO - [STEP] Actual text: Giày sandal công sở ELLA 7cm thanh lịch cuốn hút ELA662
2026-03-25 16:46:22,431 - INFO - [STEP] Expected text: Giày sandal công sở ELLA 7cm thanh lịch cuốn hút ELA662
2026-03-25 16:46:22,432 - INFO - =====================================
2026-03-25 16:46:22,438 - INFO - [STEP] Opening page: https://ella.vn/
2026-03-25 16:46:22,847 - INFO - [STEP] Click element xpath://input[@placeholder='Tìm kiếm sản phẩm']
2026-03-25 16:46:22,981 - INFO - [STEP] Input text "" to element xpath://input[@placeholder='Tìm kiếm sản phẩm']
2026-03-25 16:46:23,239 - INFO - [STEP] Click element css:button[type='submit']
2026-03-25 16:46:23,938 - INFO - Close browser
2026-03-25 16:46:23,938 - INFO - ================================
2026-03-25 16:48:57,711 - INFO - ================================
2026-03-25 16:48:57,711 - INFO - Browser opened
2026-03-25 16:48:57,715 - INFO - [STEP] Opening page: https://ella.vn/
2026-03-25 16:49:01,186 - INFO - [STEP] Click element xpath://input[@placeholder='Tìm kiếm sản phẩm']
2026-03-25 16:49:01,345 - INFO - [STEP] Input text "" to element xpath://input[@placeholder='Tìm kiếm sản phẩm']
2026-03-25 16:49:01,485 - INFO - [STEP] Click element css:button[type='submit']
2026-03-25 16:49:02,147 - INFO - [STEP] Opening page: https://ella.vn/
2026-03-25 16:49:03,124 - INFO - [STEP] Click element xpath://input[@placeholder='Tìm kiếm sản phẩm']
2026-03-25 16:49:03,332 - INFO - [STEP] Input text "5cm" to element xpath://input[@placeholder='Tìm kiếm sản phẩm']
2026-03-25 16:49:03,439 - INFO - [STEP] Click element css:button[type='submit']
2026-03-25 16:49:06,358 - INFO - [STEP] Actual text: Giày cao gót công sở ELLA 5cm - 7cm gót đắp mica tráng gương tinh tế, quyến rũ ELA682
2026-03-25 16:49:06,358 - INFO - [STEP] Expected text: 5cm
2026-03-25 16:49:06,359 - INFO - =====================================
2026-03-25 16:49:06,367 - INFO - [STEP] Opening page: https://ella.vn/
2026-03-25 16:49:06,799 - INFO - [STEP] Click element xpath://input[@placeholder='Tìm kiếm sản phẩm']
2026-03-25 16:49:06,963 - INFO - [STEP] Input text "@" to element xpath://input[@placeholder='Tìm kiếm sản phẩm']
2026-03-25 16:49:07,154 - INFO - [STEP] Click element css:button[type='submit']
2026-03-25 16:49:10,208 - INFO - [STEP] Element located by: xpath:(//div[@class='thread-list-title text-center']) is present on the page.
2026-03-25 16:49:10,209 - INFO - =====================================
2026-03-25 16:49:10,215 - INFO - [STEP] Opening page: https://ella.vn/
2026-03-25 16:49:10,606 - INFO - [STEP] Click element xpath://input[@placeholder='Tìm kiếm sản phẩm']
2026-03-25 16:49:10,729 - INFO - [STEP] Input text "giày sandal" to element xpath://input[@placeholder='Tìm kiếm sản phẩm']
2026-03-25 16:49:10,904 - INFO - [STEP] Click element css:button[type='submit']
2026-03-25 16:49:14,018 - INFO - [STEP] Actual text: Giày sandal công sở ELLA 7cm thanh lịch cuốn hút ELA662
2026-03-25 16:49:14,020 - INFO - [STEP] Expected text: Giày sandal
2026-03-25 16:49:14,021 - INFO - =====================================
2026-03-25 16:49:14,034 - INFO - [STEP] Opening page: https://ella.vn/
2026-03-25 16:49:14,471 - INFO - [STEP] Click element xpath://input[@placeholder='Tìm kiếm sản phẩm']
2026-03-25 16:49:14,648 - INFO - [STEP] Input text "ELA618" to element xpath://input[@placeholder='Tìm kiếm sản phẩm']
2026-03-25 16:49:14,864 - INFO - [STEP] Click element css:button[type='submit']
2026-03-25 16:49:18,051 - INFO - [STEP] Actual text: Giày sandal công sở ELLA 7cm da bóng họa tiết CC dập chìm sang trọng ELA618
2026-03-25 16:49:18,052 - INFO - [STEP] Expected text: ELA618
2026-03-25 16:49:18,053 - INFO - =====================================
2026-03-25 16:49:18,060 - INFO - [STEP] Opening page: https://ella.vn/
2026-03-25 16:49:18,460 - INFO - [STEP] Click element xpath://input[@placeholder='Tìm kiếm sản phẩm']
2026-03-25 16:49:18,584 - INFO - [STEP] Input text "Giày sandal công sở ELLA 7cm thanh lịch cuốn hút ELA662" to element xpath://input[@placeholder='Tìm kiếm sản phẩm']
2026-03-25 16:49:18,851 - INFO - [STEP] Click element css:button[type='submit']
2026-03-25 16:49:21,583 - INFO - [STEP] Actual text: Giày sandal công sở ELLA 7cm thanh lịch cuốn hút ELA662
2026-03-25 16:49:21,584 - INFO - [STEP] Expected text: Giày sandal công sở ELLA 7cm thanh lịch cuốn hút ELA662
2026-03-25 16:49:21,585 - INFO - =====================================
2026-03-25 16:49:21,595 - INFO - Close browser
2026-03-25 16:49:21,596 - INFO - ================================
2026-03-25 16:53:44,277 - INFO - ================================
2026-03-25 16:53:44,278 - INFO - Browser opened
2026-03-25 16:53:44,282 - INFO - [STEP] Opening page: https://ella.vn/
2026-03-25 16:53:50,180 - INFO - [STEP] Click element xpath://input[@placeholder='Tìm kiếm sản phẩm']
2026-03-25 16:53:50,314 - INFO - [STEP] Input text "" to element xpath://input[@placeholder='Tìm kiếm sản phẩm']
2026-03-25 16:53:50,462 - INFO - [STEP] Press key ENTER on element xpath://input[@placeholder='Tìm kiếm sản phẩm']
2026-03-25 16:53:51,398 - INFO - [STEP] Opening page: https://ella.vn/
2026-03-25 16:53:51,980 - INFO - [STEP] Click element xpath://input[@placeholder='Tìm kiếm sản phẩm']
2026-03-25 16:53:52,130 - INFO - [STEP] Input text "5cm" to element xpath://input[@placeholder='Tìm kiếm sản phẩm']
2026-03-25 16:53:52,413 - INFO - [STEP] Press key ENTER on element xpath://input[@placeholder='Tìm kiếm sản phẩm']
2026-03-25 16:53:55,795 - INFO - [STEP] Actual text: Giày cao gót công sở ELLA 5cm - 7cm gót đắp mica tráng gương tinh tế, quyến rũ ELA682
2026-03-25 16:53:55,796 - INFO - [STEP] Expected text: 5cm
2026-03-25 16:53:55,797 - INFO - =====================================
2026-03-25 16:53:55,809 - INFO - [STEP] Opening page: https://ella.vn/
2026-03-25 16:53:56,270 - INFO - [STEP] Click element xpath://input[@placeholder='Tìm kiếm sản phẩm']
2026-03-25 16:53:56,425 - INFO - [STEP] Input text "@" to element xpath://input[@placeholder='Tìm kiếm sản phẩm']
2026-03-25 16:53:56,556 - INFO - [STEP] Press key ENTER on element xpath://input[@placeholder='Tìm kiếm sản phẩm']
2026-03-25 16:53:59,863 - INFO - [STEP] Element located by: xpath:(//div[@class='thread-list-title text-center']) is present on the page.
2026-03-25 16:53:59,864 - INFO - =====================================
2026-03-25 16:53:59,871 - INFO - [STEP] Opening page: https://ella.vn/
2026-03-25 16:54:00,324 - INFO - [STEP] Click element xpath://input[@placeholder='Tìm kiếm sản phẩm']
2026-03-25 16:54:00,437 - INFO - [STEP] Input text "giày sandal" to element xpath://input[@placeholder='Tìm kiếm sản phẩm']
2026-03-25 16:54:00,600 - INFO - [STEP] Press key ENTER on element xpath://input[@placeholder='Tìm kiếm sản phẩm']
2026-03-25 16:54:03,889 - INFO - [STEP] Actual text: Giày sandal công sở ELLA 7cm thanh lịch cuốn hút ELA662
2026-03-25 16:54:03,890 - INFO - [STEP] Expected text: Giày sandal
2026-03-25 16:54:03,890 - INFO - =====================================
2026-03-25 16:54:03,896 - INFO - [STEP] Opening page: https://ella.vn/
2026-03-25 16:54:04,482 - INFO - [STEP] Click element xpath://input[@placeholder='Tìm kiếm sản phẩm']
2026-03-25 16:54:04,682 - INFO - [STEP] Input text "ELA618" to element xpath://input[@placeholder='Tìm kiếm sản phẩm']
2026-03-25 16:54:05,078 - INFO - [STEP] Press key ENTER on element xpath://input[@placeholder='Tìm kiếm sản phẩm']
2026-03-25 16:54:08,162 - INFO - [STEP] Actual text: Giày sandal công sở ELLA 7cm da bóng họa tiết CC dập chìm sang trọng ELA618
2026-03-25 16:54:08,163 - INFO - [STEP] Expected text: ELA618
2026-03-25 16:54:08,164 - INFO - =====================================
2026-03-25 16:54:08,179 - INFO - [STEP] Opening page: https://ella.vn/
2026-03-25 16:54:08,706 - INFO - [STEP] Click element xpath://input[@placeholder='Tìm kiếm sản phẩm']
2026-03-25 16:54:08,907 - INFO - [STEP] Input text "Giày sandal công sở ELLA 7cm thanh lịch cuốn hút ELA662" to element xpath://input[@placeholder='Tìm kiếm sản phẩm']
2026-03-25 16:54:09,190 - INFO - [STEP] Press key ENTER on element xpath://input[@placeholder='Tìm kiếm sản phẩm']
2026-03-25 16:54:12,322 - INFO - [STEP] Actual text: Giày sandal công sở ELLA 7cm thanh lịch cuốn hút ELA662
2026-03-25 16:54:12,323 - INFO - [STEP] Expected text: Giày sandal công sở ELLA 7cm thanh lịch cuốn hút ELA662
2026-03-25 16:54:12,324 - INFO - =====================================
2026-03-25 16:54:12,329 - INFO - Close browser
2026-03-25 16:54:12,330 - INFO - ================================
2026-03-25 17:03:35,132 - INFO - ================================
2026-03-25 17:03:35,133 - INFO - Browser opened
2026-03-25 17:03:35,137 - INFO - [STEP] Opening page: https://ella.vn/
2026-03-25 17:03:39,402 - INFO - [STEP] Click element xpath://input[@placeholder='Tìm kiếm sản phẩm']
2026-03-25 17:03:39,588 - INFO - [STEP] Input text "" to element xpath://input[@placeholder='Tìm kiếm sản phẩm']
2026-03-25 17:03:39,774 - INFO - [STEP] Click element css:button[type='submit']
2026-03-25 17:03:39,941 - INFO - [STEP] Press key ENTER on element xpath://input[@placeholder='Tìm kiếm sản phẩm']
2026-03-25 17:03:40,917 - INFO - [STEP] Opening page: https://ella.vn/
2026-03-25 17:03:41,437 - INFO - [STEP] Click element xpath://input[@placeholder='Tìm kiếm sản phẩm']
2026-03-25 17:03:41,563 - INFO - [STEP] Input text "5cm" to element xpath://input[@placeholder='Tìm kiếm sản phẩm']
2026-03-25 17:03:41,828 - INFO - [STEP] Click element css:button[type='submit']
2026-03-25 17:03:44,656 - INFO - [STEP] Actual text: Giày cao gót công sở ELLA 5cm - 7cm gót đắp mica tráng gương tinh tế, quyến rũ ELA682
2026-03-25 17:03:44,657 - INFO - [STEP] Expected text: 5cm
2026-03-25 17:03:44,658 - INFO - =====================================
2026-03-25 17:03:44,668 - INFO - [STEP] Opening page: https://ella.vn/
2026-03-25 17:03:45,109 - INFO - [STEP] Click element xpath://input[@placeholder='Tìm kiếm sản phẩm']
2026-03-25 17:03:45,366 - INFO - [STEP] Input text "@" to element xpath://input[@placeholder='Tìm kiếm sản phẩm']
2026-03-25 17:03:45,560 - INFO - [STEP] Click element css:button[type='submit']
2026-03-25 17:03:48,640 - INFO - [STEP] Element located by: xpath:(//div[@class='thread-list-title text-center']) is present on the page.
2026-03-25 17:03:48,641 - INFO - =====================================
2026-03-25 17:03:48,649 - INFO - [STEP] Opening page: https://ella.vn/
2026-03-25 17:03:49,159 - INFO - [STEP] Click element xpath://input[@placeholder='Tìm kiếm sản phẩm']
2026-03-25 17:03:49,313 - INFO - [STEP] Input text "giày sandal" to element xpath://input[@placeholder='Tìm kiếm sản phẩm']
2026-03-25 17:03:49,554 - INFO - [STEP] Click element css:button[type='submit']
2026-03-25 17:03:52,689 - INFO - [STEP] Actual text: Giày sandal công sở ELLA 7cm thanh lịch cuốn hút ELA662
2026-03-25 17:03:52,689 - INFO - [STEP] Expected text: Giày sandal
2026-03-25 17:03:52,690 - INFO - =====================================
2026-03-25 17:03:52,696 - INFO - [STEP] Opening page: https://ella.vn/
2026-03-25 17:03:53,086 - INFO - [STEP] Click element xpath://input[@placeholder='Tìm kiếm sản phẩm']
2026-03-25 17:03:53,208 - INFO - [STEP] Input text "ELA618" to element xpath://input[@placeholder='Tìm kiếm sản phẩm']
2026-03-25 17:03:53,470 - INFO - [STEP] Click element css:button[type='submit']
2026-03-25 17:03:56,462 - INFO - [STEP] Actual text: Giày sandal công sở ELLA 7cm da bóng họa tiết CC dập chìm sang trọng ELA618
2026-03-25 17:03:56,463 - INFO - [STEP] Expected text: ELA618
2026-03-25 17:03:56,464 - INFO - =====================================
2026-03-25 17:03:56,471 - INFO - [STEP] Opening page: https://ella.vn/
2026-03-25 17:03:56,899 - INFO - [STEP] Click element xpath://input[@placeholder='Tìm kiếm sản phẩm']
2026-03-25 17:03:57,042 - INFO - [STEP] Input text "Giày sandal công sở ELLA 7cm thanh lịch cuốn hút ELA662" to element xpath://input[@placeholder='Tìm kiếm sản phẩm']
2026-03-25 17:03:57,420 - INFO - [STEP] Click element css:button[type='submit']
2026-03-25 17:04:00,235 - INFO - [STEP] Actual text: Giày sandal công sở ELLA 7cm thanh lịch cuốn hút ELA662
2026-03-25 17:04:00,236 - INFO - [STEP] Expected text: Giày sandal công sở ELLA 7cm thanh lịch cuốn hút ELA662
2026-03-25 17:04:00,236 - INFO - =====================================
2026-03-25 17:04:00,240 - INFO - Close browser
2026-03-25 17:04:00,241 - INFO - ================================
2026-03-25 17:08:03,948 - INFO - ================================
2026-03-25 17:08:03,949 - INFO - Browser opened
2026-03-25 17:08:03,953 - INFO - [STEP] Opening page: https://ella.vn/
2026-03-25 17:08:07,886 - INFO - [STEP] Click element xpath://input[@placeholder='Tìm kiếm sản phẩm']
2026-03-25 17:08:08,039 - INFO - [STEP] Input text "" to element xpath://input[@placeholder='Tìm kiếm sản phẩm']
2026-03-25 17:08:08,186 - INFO - [STEP] Click element css:button[type='submit']
2026-03-25 17:08:08,327 - INFO - [STEP] Press key ENTER on element xpath://input[@placeholder='Tìm kiếm sản phẩm']
2026-03-25 17:08:09,337 - INFO - [STEP] Opening page: https://ella.vn/
2026-03-25 17:08:09,890 - INFO - [STEP] Click element xpath://input[@placeholder='Tìm kiếm sản phẩm']
2026-03-25 17:08:10,031 - INFO - [STEP] Input text "5cm" to element xpath://input[@placeholder='Tìm kiếm sản phẩm']
2026-03-25 17:08:10,271 - INFO - [STEP] Click element css:button[type='submit']
2026-03-25 17:08:13,195 - INFO - [STEP] Actual text: Giày cao gót công sở ELLA 5cm - 7cm gót đắp mica tráng gương tinh tế, quyến rũ ELA682
2026-03-25 17:08:13,196 - INFO - [STEP] Expected text: 5cm
2026-03-25 17:08:13,196 - INFO - =====================================
2026-03-25 17:08:13,204 - INFO - [STEP] Opening page: https://ella.vn/
2026-03-25 17:08:13,615 - INFO - [STEP] Click element xpath://input[@placeholder='Tìm kiếm sản phẩm']
2026-03-25 17:08:13,784 - INFO - [STEP] Input text "@" to element xpath://input[@placeholder='Tìm kiếm sản phẩm']
2026-03-25 17:08:14,047 - INFO - [STEP] Click element css:button[type='submit']
2026-03-25 17:08:17,342 - INFO - [STEP] Element located by: xpath:(//div[@class='thread-list-title text-center']) is present on the page.
2026-03-25 17:08:17,344 - INFO - =====================================
2026-03-25 17:08:17,355 - INFO - [STEP] Opening page: https://ella.vn/
2026-03-25 17:08:17,757 - INFO - [STEP] Click element xpath://input[@placeholder='Tìm kiếm sản phẩm']
2026-03-25 17:08:17,929 - INFO - [STEP] Input text "giày sandal" to element xpath://input[@placeholder='Tìm kiếm sản phẩm']
2026-03-25 17:08:18,105 - INFO - [STEP] Click element css:button[type='submit']
2026-03-25 17:08:20,958 - INFO - [STEP] Actual text: Giày sandal công sở ELLA 7cm thanh lịch cuốn hút ELA662
2026-03-25 17:08:20,959 - INFO - [STEP] Expected text: Giày sandal
2026-03-25 17:08:20,960 - INFO - =====================================
2026-03-25 17:08:20,971 - INFO - [STEP] Opening page: https://ella.vn/
2026-03-25 17:08:21,398 - INFO - [STEP] Click element xpath://input[@placeholder='Tìm kiếm sản phẩm']
2026-03-25 17:08:21,555 - INFO - [STEP] Input text "ELA618" to element xpath://input[@placeholder='Tìm kiếm sản phẩm']
2026-03-25 17:08:21,728 - INFO - [STEP] Click element css:button[type='submit']
2026-03-25 17:08:24,927 - INFO - [STEP] Actual text: Giày sandal công sở ELLA 7cm da bóng họa tiết CC dập chìm sang trọng ELA618
2026-03-25 17:08:24,928 - INFO - [STEP] Expected text: ELA618
2026-03-25 17:08:24,928 - INFO - =====================================
2026-03-25 17:08:24,935 - INFO - [STEP] Opening page: https://ella.vn/
2026-03-25 17:08:25,360 - INFO - [STEP] Click element xpath://input[@placeholder='Tìm kiếm sản phẩm']
2026-03-25 17:08:25,533 - INFO - [STEP] Input text "Giày sandal công sở ELLA 7cm thanh lịch cuốn hút ELA662" to element xpath://input[@placeholder='Tìm kiếm sản phẩm']
2026-03-25 17:08:25,912 - INFO - [STEP] Click element css:button[type='submit']
2026-03-25 17:08:28,761 - INFO - [STEP] Actual text: Giày sandal công sở ELLA 7cm thanh lịch cuốn hút ELA662
2026-03-25 17:08:28,762 - INFO - [STEP] Expected text: Giày sandal công sở ELLA 7cm thanh lịch cuốn hút ELA662
2026-03-25 17:08:28,763 - INFO - =====================================
2026-03-25 17:08:28,770 - INFO - Close browser
2026-03-25 17:08:28,772 - INFO - ================================
2026-03-25 17:11:32,361 - INFO - ================================
2026-03-25 17:11:32,362 - INFO - Browser opened
2026-03-25 17:11:32,367 - INFO - [STEP] Opening page: https://ella.vn/
2026-03-25 17:11:36,113 - INFO - [STEP] Click element xpath://input[@placeholder='Tìm kiếm sản phẩm']
2026-03-25 17:11:36,279 - INFO - [STEP] Input text "" to element xpath://input[@placeholder='Tìm kiếm sản phẩm']
2026-03-25 17:11:36,439 - INFO - [STEP] Click element css:button[type='submit']
2026-03-25 17:11:36,584 - INFO - [STEP] Press key ENTER on element xpath://input[@placeholder='Tìm kiếm sản phẩm']
2026-03-25 17:11:37,538 - INFO - [STEP] Opening page: https://ella.vn/
2026-03-25 17:11:38,267 - INFO - [STEP] Click element xpath://input[@placeholder='Tìm kiếm sản phẩm']
2026-03-25 17:11:38,402 - INFO - [STEP] Input text "5cm" to element xpath://input[@placeholder='Tìm kiếm sản phẩm']
2026-03-25 17:11:38,542 - INFO - [STEP] Click element css:button[type='submit']
2026-03-25 17:11:41,477 - INFO - [STEP] Actual text: Giày cao gót công sở ELLA 5cm - 7cm gót đắp mica tráng gương tinh tế, quyến rũ ELA682
2026-03-25 17:11:41,478 - INFO - [STEP] Expected text: 5cm
2026-03-25 17:11:41,478 - INFO - =====================================
2026-03-25 17:11:41,485 - INFO - [STEP] Opening page: https://ella.vn/
2026-03-25 17:11:41,907 - INFO - [STEP] Click element xpath://input[@placeholder='Tìm kiếm sản phẩm']
2026-03-25 17:11:42,072 - INFO - [STEP] Input text "@" to element xpath://input[@placeholder='Tìm kiếm sản phẩm']
2026-03-25 17:11:42,265 - INFO - [STEP] Click element css:button[type='submit']
2026-03-25 17:11:45,366 - INFO - [STEP] Element located by: xpath:(//div[@class='thread-list-title text-center']) is present on the page.
2026-03-25 17:11:45,368 - INFO - =====================================
2026-03-25 17:11:45,380 - INFO - [STEP] Opening page: https://ella.vn/
2026-03-25 17:11:45,816 - INFO - [STEP] Click element xpath://input[@placeholder='Tìm kiếm sản phẩm']
2026-03-25 17:11:46,013 - INFO - [STEP] Input text "giày sandal" to element xpath://input[@placeholder='Tìm kiếm sản phẩm']
2026-03-25 17:11:46,185 - INFO - [STEP] Click element css:button[type='submit']
2026-03-25 17:11:49,028 - INFO - [STEP] Actual text: Giày sandal công sở ELLA 7cm thanh lịch cuốn hút ELA662
2026-03-25 17:11:49,030 - INFO - [STEP] Expected text: Giày sandal
2026-03-25 17:11:49,031 - INFO - =====================================
2026-03-25 17:11:49,048 - INFO - [STEP] Opening page: https://ella.vn/
2026-03-25 17:11:49,471 - INFO - [STEP] Click element xpath://input[@placeholder='Tìm kiếm sản phẩm']
2026-03-25 17:11:49,616 - INFO - [STEP] Input text "ELA618" to element xpath://input[@placeholder='Tìm kiếm sản phẩm']
2026-03-25 17:11:49,857 - INFO - [STEP] Click element css:button[type='submit']
2026-03-25 17:11:52,845 - INFO - [STEP] Actual text: Giày sandal công sở ELLA 7cm da bóng họa tiết CC dập chìm sang trọng ELA618
2026-03-25 17:11:52,846 - INFO - [STEP] Expected text: ELA618
2026-03-25 17:11:52,847 - INFO - =====================================
2026-03-25 17:11:52,857 - INFO - [STEP] Opening page: https://ella.vn/
2026-03-25 17:11:53,273 - INFO - [STEP] Click element xpath://input[@placeholder='Tìm kiếm sản phẩm']
2026-03-25 17:11:53,441 - INFO - [STEP] Input text "Giày sandal công sở ELLA 7cm thanh lịch cuốn hút ELA662" to element xpath://input[@placeholder='Tìm kiếm sản phẩm']
2026-03-25 17:11:53,658 - INFO - [STEP] Click element css:button[type='submit']
2026-03-25 17:11:56,555 - INFO - [STEP] Actual text: Giày sandal công sở ELLA 7cm thanh lịch cuốn hút ELA662
2026-03-25 17:11:56,558 - INFO - [STEP] Expected text: Giày sandal công sở ELLA 7cm thanh lịch cuốn hút ELA662
2026-03-25 17:11:56,559 - INFO - =====================================
2026-03-25 17:11:56,563 - INFO - Close browser
2026-03-25 17:11:56,564 - INFO - ================================
2026-03-25 17:15:24,756 - INFO - ================================
2026-03-25 17:15:24,757 - INFO - Browser opened
2026-03-25 17:15:24,765 - INFO - [STEP] Opening page: https://ella.vn/
2026-03-25 17:15:30,492 - INFO - [STEP] Click element xpath://input[@placeholder='Tìm kiếm sản phẩm']
2026-03-25 17:15:30,636 - INFO - [STEP] Input text "" to element xpath://input[@placeholder='Tìm kiếm sản phẩm']
2026-03-25 17:15:30,811 - INFO - [STEP] Click element css:button[type='submit']
2026-03-25 17:15:30,978 - INFO - [STEP] Press key ENTER on element xpath://input[@placeholder='Tìm kiếm sản phẩm']
2026-03-25 17:15:31,945 - INFO - [STEP] Opening page: https://ella.vn/
2026-03-25 17:15:32,419 - INFO - [STEP] Click element xpath://input[@placeholder='Tìm kiếm sản phẩm']
2026-03-25 17:15:32,566 - INFO - [STEP] Input text "5cm" to element xpath://input[@placeholder='Tìm kiếm sản phẩm']
2026-03-25 17:15:32,734 - INFO - [STEP] Click element css:button[type='submit']
2026-03-25 17:15:35,887 - INFO - [STEP] Actual text: Giày cao gót công sở ELLA 5cm - 7cm gót đắp mica tráng gương tinh tế, quyến rũ ELA682
2026-03-25 17:15:35,888 - INFO - [STEP] Expected text: 5cm
2026-03-25 17:15:35,888 - INFO - =====================================
2026-03-25 17:15:35,895 - INFO - [STEP] Opening page: https://ella.vn/
2026-03-25 17:15:36,363 - INFO - [STEP] Click element xpath://input[@placeholder='Tìm kiếm sản phẩm']
2026-03-25 17:15:36,513 - INFO - [STEP] Input text "@" to element xpath://input[@placeholder='Tìm kiếm sản phẩm']
2026-03-25 17:15:36,784 - INFO - [STEP] Click element css:button[type='submit']
2026-03-25 17:15:40,216 - INFO - [STEP] Element located by: xpath:(//div[@class='thread-list-title text-center']) is present on the page.
2026-03-25 17:15:40,217 - INFO - =====================================
2026-03-25 17:15:40,226 - INFO - [STEP] Opening page: https://ella.vn/
2026-03-25 17:15:40,643 - INFO - [STEP] Click element xpath://input[@placeholder='Tìm kiếm sản phẩm']
2026-03-25 17:15:40,812 - INFO - [STEP] Input text "giày sandal" to element xpath://input[@placeholder='Tìm kiếm sản phẩm']
2026-03-25 17:15:41,063 - INFO - [STEP] Click element css:button[type='submit']
2026-03-25 17:15:43,869 - INFO - [STEP] Actual text: Giày sandal công sở ELLA 7cm thanh lịch cuốn hút ELA662
2026-03-25 17:15:43,870 - INFO - [STEP] Expected text: Giày sandal
2026-03-25 17:15:43,870 - INFO - =====================================
2026-03-25 17:15:43,880 - INFO - [STEP] Opening page: https://ella.vn/
2026-03-25 17:15:44,292 - INFO - [STEP] Click element xpath://input[@placeholder='Tìm kiếm sản phẩm']
2026-03-25 17:15:44,474 - INFO - [STEP] Input text "ELA618" to element xpath://input[@placeholder='Tìm kiếm sản phẩm']
2026-03-25 17:15:44,698 - INFO - [STEP] Click element css:button[type='submit']
2026-03-25 17:15:47,646 - INFO - [STEP] Actual text: Giày sandal công sở ELLA 7cm da bóng họa tiết CC dập chìm sang trọng ELA618
2026-03-25 17:15:47,647 - INFO - [STEP] Expected text: ELA618
2026-03-25 17:15:47,648 - INFO - =====================================
2026-03-25 17:15:47,657 - INFO - [STEP] Opening page: https://ella.vn/
2026-03-25 17:15:48,093 - INFO - [STEP] Click element xpath://input[@placeholder='Tìm kiếm sản phẩm']
2026-03-25 17:15:48,189 - INFO - [STEP] Input text "Giày sandal công sở ELLA 7cm thanh lịch cuốn hút ELA662" to element xpath://input[@placeholder='Tìm kiếm sản phẩm']
2026-03-25 17:15:48,459 - INFO - [STEP] Click element css:button[type='submit']
2026-03-25 17:15:51,628 - INFO - [STEP] Actual text: Giày sandal công sở ELLA 7cm thanh lịch cuốn hút ELA662
2026-03-25 17:15:51,628 - INFO - [STEP] Expected text: Giày sandal công sở ELLA 7cm thanh lịch cuốn hút ELA662
2026-03-25 17:15:51,629 - INFO - =====================================
2026-03-25 17:15:51,633 - INFO - Close browser
2026-03-25 17:15:51,633 - INFO - ================================
2026-03-25 17:17:15,005 - INFO - ================================
2026-03-25 17:17:15,005 - INFO - Browser opened
2026-03-25 17:17:15,009 - INFO - [STEP] Opening page: https://ella.vn/
2026-03-25 17:17:19,015 - INFO - [STEP] Click element xpath://input[@placeholder='Tìm kiếm sản phẩm']
2026-03-25 17:17:19,140 - INFO - [STEP] Input text "" to element xpath://input[@placeholder='Tìm kiếm sản phẩm']
2026-03-25 17:17:19,278 - INFO - [STEP] Click element css:button[type='submit']
2026-03-25 17:17:19,441 - INFO - [STEP] Press key ENTER on element xpath://input[@placeholder='Tìm kiếm sản phẩm']
2026-03-25 17:17:20,684 - INFO - [STEP] Opening page: https://ella.vn/
2026-03-25 17:17:21,225 - INFO - [STEP] Click element xpath://input[@placeholder='Tìm kiếm sản phẩm']
2026-03-25 17:17:21,369 - INFO - [STEP] Input text "5cm" to element xpath://input[@placeholder='Tìm kiếm sản phẩm']
2026-03-25 17:17:21,601 - INFO - [STEP] Click element css:button[type='submit']
2026-03-25 17:17:24,505 - INFO - [STEP] Actual text: Giày cao gót công sở ELLA 5cm - 7cm gót đắp mica tráng gương tinh tế, quyến rũ ELA682
2026-03-25 17:17:24,505 - INFO - [STEP] Expected text: 5cm
2026-03-25 17:17:24,506 - INFO - =====================================
2026-03-25 17:17:24,512 - INFO - [STEP] Opening page: https://ella.vn/
2026-03-25 17:17:24,923 - INFO - [STEP] Click element xpath://input[@placeholder='Tìm kiếm sản phẩm']
2026-03-25 17:17:25,075 - INFO - [STEP] Input text "@" to element xpath://input[@placeholder='Tìm kiếm sản phẩm']
2026-03-25 17:17:25,311 - INFO - [STEP] Click element css:button[type='submit']
2026-03-25 17:17:28,625 - INFO - [STEP] Element located by: xpath:(//div[@class='thread-list-title text-center']) is present on the page.
2026-03-25 17:17:28,626 - INFO - =====================================
2026-03-25 17:17:28,633 - INFO - [STEP] Opening page: https://ella.vn/
2026-03-25 17:17:29,164 - INFO - [STEP] Click element xpath://input[@placeholder='Tìm kiếm sản phẩm']
2026-03-25 17:17:29,349 - INFO - [STEP] Input text "giày sandal" to element xpath://input[@placeholder='Tìm kiếm sản phẩm']
2026-03-25 17:17:29,591 - INFO - [STEP] Click element css:button[type='submit']
2026-03-25 17:17:32,483 - INFO - [STEP] Actual text: Giày sandal công sở ELLA 7cm thanh lịch cuốn hút ELA662
2026-03-25 17:17:32,484 - INFO - [STEP] Expected text: Giày sandal
2026-03-25 17:17:32,484 - INFO - =====================================
2026-03-25 17:17:32,493 - INFO - [STEP] Opening page: https://ella.vn/
2026-03-25 17:17:32,926 - INFO - [STEP] Click element xpath://input[@placeholder='Tìm kiếm sản phẩm']
2026-03-25 17:17:33,061 - INFO - [STEP] Input text "ELA618" to element xpath://input[@placeholder='Tìm kiếm sản phẩm']
2026-03-25 17:17:33,248 - INFO - [STEP] Click element css:button[type='submit']
2026-03-25 17:17:36,147 - INFO - [STEP] Actual text: Giày sandal công sở ELLA 7cm da bóng họa tiết CC dập chìm sang trọng ELA618
2026-03-25 17:17:36,149 - INFO - [STEP] Expected text: ELA618
2026-03-25 17:17:36,151 - INFO - =====================================
2026-03-25 17:17:36,164 - INFO - [STEP] Opening page: https://ella.vn/
2026-03-25 17:17:36,611 - INFO - [STEP] Click element xpath://input[@placeholder='Tìm kiếm sản phẩm']
2026-03-25 17:17:36,727 - INFO - [STEP] Input text "Giày sandal công sở ELLA 7cm thanh lịch cuốn hút ELA662" to element xpath://input[@placeholder='Tìm kiếm sản phẩm']
2026-03-25 17:17:37,083 - INFO - [STEP] Click element css:button[type='submit']
2026-03-25 17:17:39,882 - INFO - [STEP] Actual text: Giày sandal công sở ELLA 7cm thanh lịch cuốn hút ELA662
2026-03-25 17:17:39,883 - INFO - [STEP] Expected text: Giày sandal công sở ELLA 7cm thanh lịch cuốn hút ELA662
2026-03-25 17:17:39,883 - INFO - =====================================
2026-03-25 17:17:39,889 - INFO - Close browser
2026-03-25 17:17:39,890 - INFO - ================================
2026-03-25 17:30:20,545 - INFO - ================================
2026-03-25 17:30:20,546 - INFO - Browser opened
2026-03-25 17:30:20,551 - INFO - [STEP] Opening page: https://ella.vn/
2026-03-25 17:30:26,768 - INFO - [STEP] Click element xpath://input[@placeholder='Tìm kiếm sản phẩm']
2026-03-25 17:30:26,885 - INFO - [STEP] Input text "" to element xpath://input[@placeholder='Tìm kiếm sản phẩm']
2026-03-25 17:30:27,035 - INFO - [STEP] Click element css:button[type='submit']
2026-03-25 17:30:27,166 - INFO - [STEP] Press key ENTER on element xpath://input[@placeholder='Tìm kiếm sản phẩm']
2026-03-25 17:30:28,099 - INFO - [STEP] Opening page: https://ella.vn/
2026-03-25 17:30:28,568 - INFO - [STEP] Click element xpath://input[@placeholder='Tìm kiếm sản phẩm']
2026-03-25 17:30:28,682 - INFO - [STEP] Input text "5cm" to element xpath://input[@placeholder='Tìm kiếm sản phẩm']
2026-03-25 17:30:28,830 - INFO - [STEP] Click element css:button[type='submit']
2026-03-25 17:30:32,063 - INFO - [STEP] Actual text: Giày cao gót công sở ELLA 5cm - 7cm gót đắp mica tráng gương tinh tế, quyến rũ ELA682
2026-03-25 17:30:32,064 - INFO - [STEP] Expected text: 5cm
2026-03-25 17:30:32,065 - INFO - =====================================
2026-03-25 17:30:32,073 - INFO - [STEP] Opening page: https://ella.vn/
2026-03-25 17:30:32,880 - INFO - [STEP] Click element xpath://input[@placeholder='Tìm kiếm sản phẩm']
2026-03-25 17:30:33,094 - INFO - [STEP] Input text "@" to element xpath://input[@placeholder='Tìm kiếm sản phẩm']
2026-03-25 17:30:33,405 - INFO - [STEP] Click element css:button[type='submit']
2026-03-25 17:30:36,787 - INFO - [STEP] Element located by: xpath:(//div[@class='thread-list-title text-center']) is present on the page.
2026-03-25 17:30:36,788 - INFO - =====================================
2026-03-25 17:30:36,796 - INFO - [STEP] Opening page: https://ella.vn/
2026-03-25 17:30:37,210 - INFO - [STEP] Click element xpath://input[@placeholder='Tìm kiếm sản phẩm']
2026-03-25 17:30:37,337 - INFO - [STEP] Input text "giày sandal" to element xpath://input[@placeholder='Tìm kiếm sản phẩm']
2026-03-25 17:30:37,640 - INFO - [STEP] Click element css:button[type='submit']
2026-03-25 17:30:40,572 - INFO - [STEP] Actual text: Giày sandal công sở ELLA 7cm thanh lịch cuốn hút ELA662
2026-03-25 17:30:40,573 - INFO - [STEP] Expected text: Giày sandal
2026-03-25 17:30:40,573 - INFO - =====================================
2026-03-25 17:30:40,580 - INFO - [STEP] Opening page: https://ella.vn/
2026-03-25 17:30:40,989 - INFO - [STEP] Click element xpath://input[@placeholder='Tìm kiếm sản phẩm']
2026-03-25 17:30:41,081 - INFO - [STEP] Input text "ELA618" to element xpath://input[@placeholder='Tìm kiếm sản phẩm']
2026-03-25 17:30:41,233 - INFO - [STEP] Click element css:button[type='submit']
2026-03-25 17:30:44,150 - INFO - [STEP] Actual text: Giày sandal công sở ELLA 7cm da bóng họa tiết CC dập chìm sang trọng ELA618
2026-03-25 17:30:44,152 - INFO - [STEP] Expected text: ELA618
2026-03-25 17:30:44,153 - INFO - =====================================
2026-03-25 17:30:44,171 - INFO - [STEP] Opening page: https://ella.vn/
2026-03-25 17:30:44,623 - INFO - [STEP] Click element xpath://input[@placeholder='Tìm kiếm sản phẩm']
2026-03-25 17:30:44,812 - INFO - [STEP] Input text "Giày sandal công sở ELLA 7cm thanh lịch cuốn hút ELA662" to element xpath://input[@placeholder='Tìm kiếm sản phẩm']
2026-03-25 17:30:45,151 - INFO - [STEP] Click element css:button[type='submit']
2026-03-25 17:30:48,050 - INFO - [STEP] Actual text: Giày sandal công sở ELLA 7cm thanh lịch cuốn hút ELA662
2026-03-25 17:30:48,050 - INFO - [STEP] Expected text: Giày sandal công sở ELLA 7cm thanh lịch cuốn hút ELA662
2026-03-25 17:30:48,051 - INFO - =====================================
2026-03-25 17:30:48,055 - INFO - Close browser
2026-03-25 17:30:48,056 - INFO - ================================
2026-03-25 17:32:30,309 - INFO - ================================
2026-03-25 17:32:30,309 - INFO - Browser opened
2026-03-25 17:32:30,312 - INFO - [STEP] Opening page: https://ella.vn/
2026-03-25 17:32:32,237 - INFO - [STEP] Click element xpath://input[@placeholder='Tìm kiếm sản phẩm']
2026-03-25 17:32:32,517 - INFO - [STEP] Input text "" to element xpath://input[@placeholder='Tìm kiếm sản phẩm']
2026-03-25 17:32:32,640 - INFO - [STEP] Click element css:button[type='submit']
2026-03-25 17:32:32,762 - INFO - [STEP] Press key ENTER on element xpath://input[@placeholder='Tìm kiếm sản phẩm']
2026-03-25 17:32:33,703 - INFO - [STEP] Opening page: https://ella.vn/
2026-03-25 17:32:34,229 - INFO - [STEP] Click element xpath://input[@placeholder='Tìm kiếm sản phẩm']
2026-03-25 17:32:34,367 - INFO - [STEP] Input text "5cm" to element xpath://input[@placeholder='Tìm kiếm sản phẩm']
2026-03-25 17:32:34,639 - INFO - [STEP] Click element css:button[type='submit']
2026-03-25 17:32:37,748 - INFO - [STEP] Actual text: Giày cao gót công sở ELLA 5cm - 7cm gót đắp mica tráng gương tinh tế, quyến rũ ELA682
2026-03-25 17:32:37,749 - INFO - [STEP] Expected text: 5cm
2026-03-25 17:32:37,750 - INFO - =====================================
2026-03-25 17:32:37,759 - INFO - [STEP] Opening page: https://ella.vn/
2026-03-25 17:32:38,133 - INFO - [STEP] Click element xpath://input[@placeholder='Tìm kiếm sản phẩm']
2026-03-25 17:32:38,231 - INFO - [STEP] Input text "@" to element xpath://input[@placeholder='Tìm kiếm sản phẩm']
2026-03-25 17:32:38,383 - INFO - [STEP] Click element css:button[type='submit']
2026-03-25 17:32:41,511 - INFO - [STEP] Element located by: xpath:(//div[@class='thread-list-title text-center']) is present on the page.
2026-03-25 17:32:41,512 - INFO - =====================================
2026-03-25 17:32:41,527 - INFO - [STEP] Opening page: https://ella.vn/
2026-03-25 17:32:41,980 - INFO - [STEP] Click element xpath://input[@placeholder='Tìm kiếm sản phẩm']
2026-03-25 17:32:42,118 - INFO - [STEP] Input text "giày sandal" to element xpath://input[@placeholder='Tìm kiếm sản phẩm']
2026-03-25 17:32:42,363 - INFO - [STEP] Click element css:button[type='submit']
2026-03-25 17:32:45,239 - INFO - [STEP] Actual text: Giày sandal công sở ELLA 7cm thanh lịch cuốn hút ELA662
2026-03-25 17:32:45,240 - INFO - [STEP] Expected text: Giày sandal
2026-03-25 17:32:45,240 - INFO - =====================================
2026-03-25 17:32:45,249 - INFO - [STEP] Opening page: https://ella.vn/
2026-03-25 17:32:45,666 - INFO - [STEP] Click element xpath://input[@placeholder='Tìm kiếm sản phẩm']
2026-03-25 17:32:45,825 - INFO - [STEP] Input text "ELA618" to element xpath://input[@placeholder='Tìm kiếm sản phẩm']
2026-03-25 17:32:46,103 - INFO - [STEP] Click element css:button[type='submit']
2026-03-25 17:32:49,031 - INFO - [STEP] Actual text: Giày sandal công sở ELLA 7cm da bóng họa tiết CC dập chìm sang trọng ELA618
2026-03-25 17:32:49,032 - INFO - [STEP] Expected text: ELA618
2026-03-25 17:32:49,033 - INFO - =====================================
2026-03-25 17:32:49,042 - INFO - [STEP] Opening page: https://ella.vn/
2026-03-25 17:32:49,526 - INFO - [STEP] Click element xpath://input[@placeholder='Tìm kiếm sản phẩm']
2026-03-25 17:32:49,713 - INFO - [STEP] Input text "Giày sandal công sở ELLA 7cm thanh lịch cuốn hút ELA662" to element xpath://input[@placeholder='Tìm kiếm sản phẩm']
2026-03-25 17:32:50,093 - INFO - [STEP] Click element css:button[type='submit']
2026-03-25 17:32:53,063 - INFO - [STEP] Actual text: Giày sandal công sở ELLA 7cm thanh lịch cuốn hút ELA662
2026-03-25 17:32:53,064 - INFO - [STEP] Expected text: Giày sandal công sở ELLA 7cm thanh lịch cuốn hút ELA662
2026-03-25 17:32:53,065 - INFO - =====================================
2026-03-25 17:32:53,072 - INFO - Close browser
2026-03-25 17:32:53,073 - INFO - ================================
2026-03-25 17:34:31,074 - INFO - ================================
2026-03-25 17:34:31,075 - INFO - Browser opened
2026-03-25 17:34:31,079 - INFO - [STEP] Opening page: https://ella.vn/
2026-03-25 17:34:32,859 - INFO - [STEP] Click element xpath://input[@placeholder='Tìm kiếm sản phẩm']
2026-03-25 17:34:32,987 - INFO - [STEP] Input text "" to element xpath://input[@placeholder='Tìm kiếm sản phẩm']
2026-03-25 17:34:33,110 - INFO - [STEP] Click element css:button[type='submit']
2026-03-25 17:34:33,723 - INFO - [STEP] Opening page: https://ella.vn/
2026-03-25 17:34:34,713 - INFO - [STEP] Click element xpath://input[@placeholder='Tìm kiếm sản phẩm']
2026-03-25 17:34:34,876 - INFO - [STEP] Input text "5cm" to element xpath://input[@placeholder='Tìm kiếm sản phẩm']
2026-03-25 17:34:34,999 - INFO - [STEP] Click element css:button[type='submit']
2026-03-25 17:34:38,175 - INFO - [STEP] Actual text: Giày cao gót công sở ELLA 5cm - 7cm gót đắp mica tráng gương tinh tế, quyến rũ ELA682
2026-03-25 17:34:38,176 - INFO - [STEP] Expected text: 5cm
2026-03-25 17:34:38,176 - INFO - =====================================
2026-03-25 17:34:38,184 - INFO - [STEP] Opening page: https://ella.vn/
2026-03-25 17:34:38,688 - INFO - [STEP] Click element xpath://input[@placeholder='Tìm kiếm sản phẩm']
2026-03-25 17:34:38,766 - INFO - [STEP] Input text "@" to element xpath://input[@placeholder='Tìm kiếm sản phẩm']
2026-03-25 17:34:38,860 - INFO - [STEP] Click element css:button[type='submit']
2026-03-25 17:34:42,125 - INFO - [STEP] Element located by: xpath:(//div[@class='thread-list-title text-center']) is present on the page.
2026-03-25 17:34:42,127 - INFO - =====================================
2026-03-25 17:34:42,145 - INFO - [STEP] Opening page: https://ella.vn/
2026-03-25 17:34:42,724 - INFO - [STEP] Click element xpath://input[@placeholder='Tìm kiếm sản phẩm']
2026-03-25 17:34:42,950 - INFO - [STEP] Input text "giày sandal" to element xpath://input[@placeholder='Tìm kiếm sản phẩm']
2026-03-25 17:34:43,303 - INFO - [STEP] Click element css:button[type='submit']
2026-03-25 17:34:46,294 - INFO - [STEP] Actual text: Giày sandal công sở ELLA 7cm thanh lịch cuốn hút ELA662
2026-03-25 17:34:46,294 - INFO - [STEP] Expected text: Giày sandal
2026-03-25 17:34:46,295 - INFO - =====================================
2026-03-25 17:34:46,301 - INFO - [STEP] Opening page: https://ella.vn/
2026-03-25 17:34:46,708 - INFO - [STEP] Click element xpath://input[@placeholder='Tìm kiếm sản phẩm']
2026-03-25 17:34:46,861 - INFO - [STEP] Input text "ELA618" to element xpath://input[@placeholder='Tìm kiếm sản phẩm']
2026-03-25 17:34:47,085 - INFO - [STEP] Click element css:button[type='submit']
2026-03-25 17:34:50,247 - INFO - [STEP] Actual text: Giày sandal công sở ELLA 7cm da bóng họa tiết CC dập chìm sang trọng ELA618
2026-03-25 17:34:50,248 - INFO - [STEP] Expected text: ELA618
2026-03-25 17:34:50,248 - INFO - =====================================
2026-03-25 17:34:50,257 - INFO - [STEP] Opening page: https://ella.vn/
2026-03-25 17:34:50,660 - INFO - [STEP] Click element xpath://input[@placeholder='Tìm kiếm sản phẩm']
2026-03-25 17:34:50,798 - INFO - [STEP] Input text "Giày sandal công sở ELLA 7cm thanh lịch cuốn hút ELA662" to element xpath://input[@placeholder='Tìm kiếm sản phẩm']
2026-03-25 17:34:51,080 - INFO - [STEP] Click element css:button[type='submit']
2026-03-25 17:34:54,532 - INFO - [STEP] Actual text: Giày sandal công sở ELLA 7cm thanh lịch cuốn hút ELA662
2026-03-25 17:34:54,533 - INFO - [STEP] Expected text: Giày sandal công sở ELLA 7cm thanh lịch cuốn hút ELA662
2026-03-25 17:34:54,534 - INFO - =====================================
2026-03-25 17:34:54,540 - INFO - Close browser
2026-03-25 17:34:54,541 - INFO - ================================
2026-03-25 17:43:37,710 - INFO - ================================
2026-03-25 17:43:37,710 - INFO - Browser opened
2026-03-25 17:43:37,713 - INFO - [STEP] Opening page: https://ella.vn/
2026-03-25 17:43:43,892 - INFO - [STEP] Click element css:input[placeholder='Tìm kiếm sản phẩm']
2026-03-25 17:43:44,030 - INFO - [STEP] Input text "" to element css:input[placeholder='Tìm kiếm sản phẩm']
2026-03-25 17:43:44,163 - INFO - [STEP] Click element css:button[type='submit']
2026-03-25 17:43:44,835 - INFO - [STEP] Opening page: https://ella.vn/
2026-03-25 17:43:45,409 - INFO - [STEP] Click element css:input[placeholder='Tìm kiếm sản phẩm']
2026-03-25 17:43:45,540 - INFO - [STEP] Input text "5cm" to element css:input[placeholder='Tìm kiếm sản phẩm']
2026-03-25 17:43:45,702 - INFO - [STEP] Click element css:button[type='submit']
2026-03-25 17:43:48,692 - INFO - [STEP] Actual text: Giày cao gót công sở ELLA 5cm - 7cm gót đắp mica tráng gương tinh tế, quyến rũ ELA682
2026-03-25 17:43:48,693 - INFO - [STEP] Expected text: 5cm
2026-03-25 17:43:48,693 - INFO - =====================================
2026-03-25 17:43:48,701 - INFO - [STEP] Opening page: https://ella.vn/
2026-03-25 17:43:49,103 - INFO - [STEP] Click element css:input[placeholder='Tìm kiếm sản phẩm']
2026-03-25 17:43:49,241 - INFO - [STEP] Input text "@" to element css:input[placeholder='Tìm kiếm sản phẩm']
2026-03-25 17:43:49,425 - INFO - [STEP] Click element css:button[type='submit']
2026-03-25 17:43:52,521 - INFO - [STEP] Element located by: xpath:(//div[@class='thread-list-title text-center']) is present on the page.
2026-03-25 17:43:52,522 - INFO - =====================================
2026-03-25 17:43:52,530 - INFO - [STEP] Opening page: https://ella.vn/
2026-03-25 17:43:52,972 - INFO - [STEP] Click element css:input[placeholder='Tìm kiếm sản phẩm']
2026-03-25 17:43:53,177 - INFO - [STEP] Input text "giày sandal" to element css:input[placeholder='Tìm kiếm sản phẩm']
2026-03-25 17:43:53,507 - INFO - [STEP] Click element css:button[type='submit']
2026-03-25 17:43:56,616 - INFO - [STEP] Actual text: Giày sandal công sở ELLA 7cm thanh lịch cuốn hút ELA662
2026-03-25 17:43:56,617 - INFO - [STEP] Expected text: Giày sandal
2026-03-25 17:43:56,618 - INFO - =====================================
2026-03-25 17:43:56,624 - INFO - [STEP] Opening page: https://ella.vn/
2026-03-25 17:43:57,076 - INFO - [STEP] Click element css:input[placeholder='Tìm kiếm sản phẩm']
2026-03-25 17:43:57,199 - INFO - [STEP] Input text "ELA618" to element css:input[placeholder='Tìm kiếm sản phẩm']
2026-03-25 17:43:57,366 - INFO - [STEP] Click element css:button[type='submit']
2026-03-25 17:44:00,384 - INFO - [STEP] Actual text: Giày sandal công sở ELLA 7cm da bóng họa tiết CC dập chìm sang trọng ELA618
2026-03-25 17:44:00,385 - INFO - [STEP] Expected text: ELA618
2026-03-25 17:44:00,386 - INFO - =====================================
2026-03-25 17:44:00,394 - INFO - [STEP] Opening page: https://ella.vn/
2026-03-25 17:44:01,013 - INFO - [STEP] Click element css:input[placeholder='Tìm kiếm sản phẩm']
2026-03-25 17:44:01,148 - INFO - [STEP] Input text "Giày sandal công sở ELLA 7cm thanh lịch cuốn hút ELA662" to element css:input[placeholder='Tìm kiếm sản phẩm']
2026-03-25 17:44:01,464 - INFO - [STEP] Click element css:button[type='submit']
2026-03-25 17:44:04,585 - INFO - [STEP] Actual text: Giày sandal công sở ELLA 7cm thanh lịch cuốn hút ELA662
2026-03-25 17:44:04,586 - INFO - [STEP] Expected text: Giày sandal công sở ELLA 7cm thanh lịch cuốn hút ELA662
2026-03-25 17:44:04,587 - INFO - =====================================
2026-03-25 17:44:04,592 - INFO - Close browser
2026-03-25 17:44:04,593 - INFO - ================================
2026-03-25 17:46:36,454 - INFO - ================================
2026-03-25 17:46:36,455 - INFO - Browser opened
2026-03-25 17:46:36,460 - INFO - [STEP] Opening page: https://ella.vn/
2026-03-25 17:46:38,654 - INFO - [STEP] Click element css:input[name='q']
2026-03-25 17:46:38,907 - INFO - [STEP] Input text "" to element css:input[name='q']
2026-03-25 17:46:39,187 - INFO - [STEP] Click element css:button[type='submit']
2026-03-25 17:46:40,040 - INFO - [STEP] Opening page: https://ella.vn/
2026-03-25 17:46:40,725 - INFO - [STEP] Click element css:input[name='q']
2026-03-25 17:46:40,944 - INFO - [STEP] Input text "5cm" to element css:input[name='q']
2026-03-25 17:46:41,266 - INFO - [STEP] Click element css:button[type='submit']
2026-03-25 17:46:44,842 - INFO - [STEP] Actual text: Giày cao gót công sở ELLA 5cm - 7cm gót đắp mica tráng gương tinh tế, quyến rũ ELA682
2026-03-25 17:46:44,843 - INFO - [STEP] Expected text: 5cm
2026-03-25 17:46:44,844 - INFO - =====================================
2026-03-25 17:46:44,858 - INFO - [STEP] Opening page: https://ella.vn/
2026-03-25 17:46:45,498 - INFO - [STEP] Click element css:input[name='q']
2026-03-25 17:46:45,755 - INFO - [STEP] Input text "@" to element css:input[name='q']
2026-03-25 17:46:46,094 - INFO - [STEP] Click element css:button[type='submit']
2026-03-25 17:46:49,304 - INFO - [STEP] Element located by: xpath:(//div[@class='thread-list-title text-center']) is present on the page.
2026-03-25 17:46:49,305 - INFO - =====================================
2026-03-25 17:46:49,318 - INFO - [STEP] Opening page: https://ella.vn/
2026-03-25 17:46:49,727 - INFO - [STEP] Click element css:input[name='q']
2026-03-25 17:46:49,940 - INFO - [STEP] Input text "giày sandal" to element css:input[name='q']
2026-03-25 17:46:50,169 - INFO - [STEP] Click element css:button[type='submit']
2026-03-25 17:46:53,041 - INFO - [STEP] Actual text: Giày sandal công sở ELLA 7cm thanh lịch cuốn hút ELA662
2026-03-25 17:46:53,042 - INFO - [STEP] Expected text: Giày sandal
2026-03-25 17:46:53,043 - INFO - =====================================
2026-03-25 17:46:53,053 - INFO - [STEP] Opening page: https://ella.vn/
2026-03-25 17:46:53,508 - INFO - [STEP] Click element css:input[name='q']
2026-03-25 17:46:53,603 - INFO - [STEP] Input text "ELA618" to element css:input[name='q']
2026-03-25 17:46:53,743 - INFO - [STEP] Click element css:button[type='submit']
2026-03-25 17:46:56,611 - INFO - [STEP] Actual text: Giày sandal công sở ELLA 7cm da bóng họa tiết CC dập chìm sang trọng ELA618
2026-03-25 17:46:56,612 - INFO - [STEP] Expected text: ELA618
2026-03-25 17:46:56,613 - INFO - =====================================
2026-03-25 17:46:56,627 - INFO - [STEP] Opening page: https://ella.vn/
2026-03-25 17:46:57,425 - INFO - [STEP] Click element css:input[name='q']
2026-03-25 17:46:57,614 - INFO - [STEP] Input text "Giày sandal công sở ELLA 7cm thanh lịch cuốn hút ELA662" to element css:input[name='q']
2026-03-25 17:46:57,958 - INFO - [STEP] Click element css:button[type='submit']
2026-03-25 17:47:01,038 - INFO - [STEP] Actual text: Giày sandal công sở ELLA 7cm thanh lịch cuốn hút ELA662
2026-03-25 17:47:01,038 - INFO - [STEP] Expected text: Giày sandal công sở ELLA 7cm thanh lịch cuốn hút ELA662
2026-03-25 17:47:01,039 - INFO - =====================================
2026-03-25 17:47:01,046 - INFO - Close browser
2026-03-25 17:47:01,047 - INFO - ================================
2026-03-25 17:53:19,043 - INFO - ================================
2026-03-25 17:53:19,044 - INFO - Browser opened
2026-03-25 17:53:19,050 - INFO - [STEP] Opening page: https://ella.vn/
2026-03-25 17:53:23,453 - INFO - [STEP] Click element css:input[name='q']
2026-03-25 17:53:23,669 - INFO - [STEP] Input text "" to element css:input[name='q']
2026-03-25 17:53:23,946 - INFO - [STEP] Click element css:button[type='submit']
2026-03-25 17:53:24,610 - INFO - [STEP] Opening page: https://ella.vn/
2026-03-25 17:53:25,155 - INFO - [STEP] Click element css:input[name='q']
2026-03-25 17:53:25,307 - INFO - [STEP] Input text "5cm" to element css:input[name='q']
2026-03-25 17:53:25,458 - INFO - [STEP] Click element css:button[type='submit']
2026-03-25 17:53:28,506 - INFO - [STEP] Actual text: Giày cao gót công sở ELLA 5cm - 7cm gót đắp mica tráng gương tinh tế, quyến rũ ELA682
2026-03-25 17:53:28,507 - INFO - [STEP] Expected text: 5cm
2026-03-25 17:53:28,508 - INFO - =====================================
2026-03-25 17:53:28,515 - INFO - [STEP] Opening page: https://ella.vn/
2026-03-25 17:53:28,946 - INFO - [STEP] Click element css:input[name='q']
2026-03-25 17:53:29,086 - INFO - [STEP] Input text "@" to element css:input[name='q']
2026-03-25 17:53:29,353 - INFO - [STEP] Click element css:button[type='submit']
2026-03-25 17:53:32,443 - INFO - [STEP] Element located by: xpath:(//div[@class='thread-list-title text-center']) is present on the page.
2026-03-25 17:53:32,443 - INFO - =====================================
2026-03-25 17:53:32,449 - INFO - [STEP] Opening page: https://ella.vn/
2026-03-25 17:53:32,993 - INFO - [STEP] Click element css:input[name='q']
2026-03-25 17:53:33,161 - INFO - [STEP] Input text "giày sandal" to element css:input[name='q']
2026-03-25 17:53:33,350 - INFO - [STEP] Click element css:button[type='submit']
2026-03-25 17:53:36,279 - INFO - [STEP] Actual text: Giày sandal công sở ELLA 7cm thanh lịch cuốn hút ELA662
2026-03-25 17:53:36,279 - INFO - [STEP] Expected text: Giày sandal
2026-03-25 17:53:36,280 - INFO - =====================================
2026-03-25 17:53:36,286 - INFO - [STEP] Opening page: https://ella.vn/
2026-03-25 17:53:36,688 - INFO - [STEP] Click element css:input[name='q']
2026-03-25 17:53:36,822 - INFO - [STEP] Input text "ELA618" to element css:input[name='q']
2026-03-25 17:53:37,100 - INFO - [STEP] Click element css:button[type='submit']
2026-03-25 17:53:40,263 - INFO - [STEP] Actual text: Giày sandal công sở ELLA 7cm da bóng họa tiết CC dập chìm sang trọng ELA618
2026-03-25 17:53:40,264 - INFO - [STEP] Expected text: ELA618
2026-03-25 17:53:40,264 - INFO - =====================================
2026-03-25 17:53:40,279 - INFO - [STEP] Opening page: https://ella.vn/
2026-03-25 17:53:40,717 - INFO - [STEP] Click element css:input[name='q']
2026-03-25 17:53:40,853 - INFO - [STEP] Input text "Giày sandal công sở ELLA 7cm thanh lịch cuốn hút ELA662" to element css:input[name='q']
2026-03-25 17:53:41,183 - INFO - [STEP] Click element css:button[type='submit']
2026-03-25 17:53:44,126 - INFO - [STEP] Actual text: Giày sandal công sở ELLA 7cm thanh lịch cuốn hút ELA662
2026-03-25 17:53:44,127 - INFO - [STEP] Expected text: Giày sandal công sở ELLA 7cm thanh lịch cuốn hút ELA662
2026-03-25 17:53:44,128 - INFO - =====================================
2026-03-25 17:53:44,135 - INFO - Close browser
2026-03-25 17:53:44,136 - INFO - ================================
2026-03-25 17:55:45,162 - INFO - ================================
2026-03-25 17:55:45,164 - INFO - Browser opened
2026-03-25 17:55:45,169 - INFO - [STEP] Opening page: https://ella.vn/
2026-03-25 17:55:47,061 - INFO - [STEP] Click element css:input[name='q']
2026-03-25 17:55:47,288 - INFO - [STEP] Input text "" to element css:input[name='q']
2026-03-25 17:55:47,447 - INFO - [STEP] Click element css:button[type='submit']
2026-03-25 17:55:48,061 - INFO - [STEP] Opening page: https://ella.vn/
2026-03-25 17:55:48,616 - INFO - [STEP] Click element css:input[name='q']
2026-03-25 17:55:48,701 - INFO - [STEP] Input text "5cm" to element css:input[name='q']
2026-03-25 17:55:48,843 - INFO - [STEP] Click element css:button[type='submit']
2026-03-25 17:55:51,665 - INFO - [STEP] Actual text: Giày cao gót công sở ELLA 5cm - 7cm gót đắp mica tráng gương tinh tế, quyến rũ ELA682
2026-03-25 17:55:51,666 - INFO - [STEP] Expected text: 5cm
2026-03-25 17:55:51,667 - INFO - =====================================
2026-03-25 17:55:51,679 - INFO - [STEP] Opening page: https://ella.vn/
2026-03-25 17:55:52,063 - INFO - [STEP] Click element css:input[name='q']
2026-03-25 17:55:52,136 - INFO - [STEP] Input text "@" to element css:input[name='q']
2026-03-25 17:55:52,271 - INFO - [STEP] Click element css:button[type='submit']
2026-03-25 17:55:55,468 - INFO - [STEP] Element located by: xpath:(//div[@class='thread-list-title text-center']) is present on the page.
2026-03-25 17:55:55,469 - INFO - =====================================
2026-03-25 17:55:55,493 - INFO - [STEP] Opening page: https://ella.vn/
2026-03-25 17:55:56,134 - INFO - [STEP] Click element css:input[name='q']
2026-03-25 17:55:56,406 - INFO - [STEP] Input text "giày sandal" to element css:input[name='q']
2026-03-25 17:55:56,837 - INFO - [STEP] Click element css:button[type='submit']
2026-03-25 17:55:59,898 - INFO - [STEP] Actual text: Giày sandal công sở ELLA 7cm thanh lịch cuốn hút ELA662
2026-03-25 17:55:59,899 - INFO - [STEP] Expected text: Giày sandal
2026-03-25 17:55:59,900 - INFO - =====================================
2026-03-25 17:55:59,907 - INFO - [STEP] Opening page: https://ella.vn/
2026-03-25 17:56:00,323 - INFO - [STEP] Click element css:input[name='q']
2026-03-25 17:56:00,469 - INFO - [STEP] Input text "ELA618" to element css:input[name='q']
2026-03-25 17:56:00,749 - INFO - [STEP] Click element css:button[type='submit']
2026-03-25 17:56:03,530 - INFO - [STEP] Actual text: Giày sandal công sở ELLA 7cm da bóng họa tiết CC dập chìm sang trọng ELA618
2026-03-25 17:56:03,530 - INFO - [STEP] Expected text: ELA618
2026-03-25 17:56:03,531 - INFO - =====================================
2026-03-25 17:56:03,543 - INFO - [STEP] Opening page: https://ella.vn/
2026-03-25 17:56:03,961 - INFO - [STEP] Click element css:input[name='q']
2026-03-25 17:56:04,095 - INFO - [STEP] Input text "Giày sandal công sở ELLA 7cm thanh lịch cuốn hút ELA662" to element css:input[name='q']
2026-03-25 17:56:04,451 - INFO - [STEP] Click element css:button[type='submit']
2026-03-25 17:56:07,166 - INFO - [STEP] Actual text: Giày sandal công sở ELLA 7cm thanh lịch cuốn hút ELA662
2026-03-25 17:56:07,167 - INFO - [STEP] Expected text: Giày sandal công sở ELLA 7cm thanh lịch cuốn hút ELA662
2026-03-25 17:56:07,167 - INFO - =====================================
2026-03-25 17:56:07,172 - INFO - Close browser
2026-03-25 17:56:07,173 - INFO - ================================
2026-03-25 17:57:29,789 - INFO - ================================
2026-03-25 17:57:29,790 - INFO - Browser opened
2026-03-25 17:57:29,794 - INFO - [STEP] Opening page: https://ella.vn/
2026-03-25 17:57:33,041 - INFO - [STEP] Click element css:input[name='q']
2026-03-25 17:57:33,182 - INFO - [STEP] Input text "" to element css:input[name='q']
2026-03-25 17:57:33,305 - INFO - [STEP] Click element css:button[type='submit']
2026-03-25 17:57:33,982 - INFO - [STEP] Opening page: https://ella.vn/
2026-03-25 17:57:34,561 - INFO - [STEP] Click element css:input[name='q']
2026-03-25 17:57:34,802 - INFO - [STEP] Input text "5cm" to element css:input[name='q']
2026-03-25 17:57:35,033 - INFO - [STEP] Click element css:button[type='submit']
2026-03-25 17:57:37,819 - INFO - [STEP] Actual text: Giày cao gót công sở ELLA 5cm - 7cm gót đắp mica tráng gương tinh tế, quyến rũ ELA682
2026-03-25 17:57:37,820 - INFO - [STEP] Expected text: 5cm
2026-03-25 17:57:37,821 - INFO - =====================================
2026-03-25 17:57:37,830 - INFO - [STEP] Opening page: https://ella.vn/
2026-03-25 17:57:38,344 - INFO - [STEP] Click element css:input[name='q']
2026-03-25 17:57:38,428 - INFO - [STEP] Input text "@" to element css:input[name='q']
2026-03-25 17:57:38,548 - INFO - [STEP] Click element css:button[type='submit']
2026-03-25 17:57:41,895 - INFO - [STEP] Element located by: xpath:(//div[@class='thread-list-title text-center']) is present on the page.
2026-03-25 17:57:41,896 - INFO - =====================================
2026-03-25 17:57:41,902 - INFO - [STEP] Opening page: https://ella.vn/
2026-03-25 17:57:42,401 - INFO - [STEP] Click element css:input[name='q']
2026-03-25 17:57:42,511 - INFO - [STEP] Input text "giày sandal" to element css:input[name='q']
2026-03-25 17:57:42,694 - INFO - [STEP] Click element css:button[type='submit']
2026-03-25 17:57:46,368 - INFO - [STEP] Actual text: Giày sandal công sở ELLA 7cm thanh lịch cuốn hút ELA662
2026-03-25 17:57:46,369 - INFO - [STEP] Expected text: Giày sandal
2026-03-25 17:57:46,370 - INFO - =====================================
2026-03-25 17:57:46,380 - INFO - [STEP] Opening page: https://ella.vn/
2026-03-25 17:57:46,933 - INFO - [STEP] Click element css:input[name='q']
2026-03-25 17:57:47,058 - INFO - [STEP] Input text "ELA618" to element css:input[name='q']
2026-03-25 17:57:47,299 - INFO - [STEP] Click element css:button[type='submit']
2026-03-25 17:57:50,031 - INFO - [STEP] Actual text: Giày sandal công sở ELLA 7cm da bóng họa tiết CC dập chìm sang trọng ELA618
2026-03-25 17:57:50,032 - INFO - [STEP] Expected text: ELA618
2026-03-25 17:57:50,033 - INFO - =====================================
2026-03-25 17:57:50,046 - INFO - [STEP] Opening page: https://ella.vn/
2026-03-25 17:57:50,499 - INFO - [STEP] Click element css:input[name='q']
2026-03-25 17:57:50,650 - INFO - [STEP] Input text "Giày sandal công sở ELLA 7cm thanh lịch cuốn hút ELA662" to element css:input[name='q']
2026-03-25 17:57:50,987 - INFO - [STEP] Click element css:button[type='submit']
2026-03-25 17:57:53,929 - INFO - [STEP] Actual text: Giày sandal công sở ELLA 7cm thanh lịch cuốn hút ELA662
2026-03-25 17:57:53,930 - INFO - [STEP] Expected text: Giày sandal công sở ELLA 7cm thanh lịch cuốn hút ELA662
2026-03-25 17:57:53,930 - INFO - =====================================
2026-03-25 17:57:53,934 - INFO - Close browser
2026-03-25 17:57:53,935 - INFO - ================================
2026-03-25 18:14:35,762 - INFO - ================================
2026-03-25 18:14:35,763 - INFO - Browser opened
2026-03-25 18:14:35,768 - INFO - [STEP] Opening page: https://ella.vn/
2026-03-25 18:14:39,679 - INFO - [STEP] Click element css:input[name='q']
2026-03-25 18:14:39,899 - INFO - [STEP] Input text "" to element css:input[name='q']
2026-03-25 18:14:40,171 - INFO - [STEP] Click element css:button[type='submit']
2026-03-25 18:14:41,087 - INFO - [STEP] Opening page: https://ella.vn/
2026-03-25 18:14:41,720 - INFO - [STEP] Click element css:input[name='q']
2026-03-25 18:14:41,883 - INFO - [STEP] Input text "5cm" to element css:input[name='q']
2026-03-25 18:14:42,144 - INFO - [STEP] Click element css:button[type='submit']
2026-03-25 18:14:45,306 - INFO - [STEP] Actual text: Giày cao gót công sở ELLA 5cm - 7cm gót đắp mica tráng gương tinh tế, quyến rũ ELA682
2026-03-25 18:14:45,308 - INFO - [STEP] Expected text: 5cm
2026-03-25 18:14:45,310 - INFO - =====================================
2026-03-25 18:14:45,323 - INFO - [STEP] Opening page: https://ella.vn/
2026-03-25 18:14:46,084 - INFO - [STEP] Click element css:input[name='q']
2026-03-25 18:14:46,283 - INFO - [STEP] Input text "@" to element css:input[name='q']
2026-03-25 18:14:46,613 - INFO - [STEP] Click element css:button[type='submit']
2026-03-25 18:14:49,863 - INFO - [STEP] Element located by: xpath:(//div[@class='thread-list-title text-center']) is present on the page.
2026-03-25 18:14:49,864 - INFO - =====================================
2026-03-25 18:14:49,880 - INFO - [STEP] Opening page: https://ella.vn/
2026-03-25 18:14:50,305 - INFO - [STEP] Click element css:input[name='q']
2026-03-25 18:14:50,412 - INFO - [STEP] Input text "giày sandal" to element css:input[name='q']
2026-03-25 18:14:50,726 - INFO - [STEP] Click element css:button[type='submit']
2026-03-25 18:14:53,469 - INFO - [STEP] Actual text: Giày sandal công sở ELLA 7cm thanh lịch cuốn hút ELA662
2026-03-25 18:14:53,470 - INFO - [STEP] Expected text: Giày sandal
2026-03-25 18:14:53,471 - INFO - =====================================
2026-03-25 18:14:53,477 - INFO - [STEP] Opening page: https://ella.vn/
2026-03-25 18:14:53,874 - INFO - [STEP] Click element css:input[name='q']
2026-03-25 18:14:54,005 - INFO - [STEP] Input text "ELA618" to element css:input[name='q']
2026-03-25 18:14:54,203 - INFO - [STEP] Click element css:button[type='submit']
2026-03-25 18:14:56,914 - INFO - [STEP] Actual text: Giày sandal công sở ELLA 7cm da bóng họa tiết CC dập chìm sang trọng ELA618
2026-03-25 18:14:56,915 - INFO - [STEP] Expected text: ELA618
2026-03-25 18:14:56,916 - INFO - =====================================
2026-03-25 18:14:56,924 - INFO - [STEP] Opening page: https://ella.vn/
2026-03-25 18:14:57,344 - INFO - [STEP] Click element css:input[name='q']
2026-03-25 18:14:57,506 - INFO - [STEP] Input text "Giày sandal công sở ELLA 7cm thanh lịch cuốn hút ELA662" to element css:input[name='q']
2026-03-25 18:14:57,742 - INFO - [STEP] Click element css:button[type='submit']
2026-03-25 18:15:01,023 - INFO - [STEP] Actual text: Giày sandal công sở ELLA 7cm thanh lịch cuốn hút ELA662
2026-03-25 18:15:01,024 - INFO - [STEP] Expected text: Giày sandal công sở ELLA 7cm thanh lịch cuốn hút ELA662
2026-03-25 18:15:01,025 - INFO - =====================================
2026-03-25 18:15:01,030 - INFO - Close browser
2026-03-25 18:15:01,030 - INFO - ================================
2026-03-25 18:21:11,262 - INFO - ================================
2026-03-25 18:21:11,263 - INFO - Browser opened
2026-03-25 18:21:11,267 - INFO - [STEP] Opening page: https://ella.vn/
2026-03-25 18:21:14,764 - INFO - [STEP] Click element css:input[name='q']
2026-03-25 18:21:14,961 - INFO - [STEP] Input text "" to element css:input[name='q']
2026-03-25 18:21:15,094 - INFO - [STEP] Click element css:button[type='submit']
2026-03-25 18:21:15,229 - INFO - [STEP] Actual validation message: Please fill out this field.
2026-03-25 18:21:15,230 - INFO - [STEP] Expected validation message: required
2026-03-25 18:21:15,233 - INFO - =====================================
2026-03-25 18:21:15,245 - INFO - [STEP] Opening page: https://ella.vn/
2026-03-25 18:21:15,786 - INFO - [STEP] Click element css:input[name='q']
2026-03-25 18:21:15,940 - INFO - [STEP] Input text "5cm" to element css:input[name='q']
2026-03-25 18:21:16,080 - INFO - [STEP] Click element css:button[type='submit']
2026-03-25 18:21:19,293 - INFO - [STEP] Actual text: Giày cao gót công sở ELLA 5cm - 7cm gót đắp mica tráng gương tinh tế, quyến rũ ELA682
2026-03-25 18:21:19,295 - INFO - [STEP] Expected text: 5cm
2026-03-25 18:21:19,296 - INFO - =====================================
2026-03-25 18:21:19,305 - INFO - [STEP] Opening page: https://ella.vn/
2026-03-25 18:21:19,724 - INFO - [STEP] Click element css:input[name='q']
2026-03-25 18:21:19,829 - INFO - [STEP] Input text "@" to element css:input[name='q']
2026-03-25 18:21:19,952 - INFO - [STEP] Click element css:button[type='submit']
2026-03-25 18:21:22,919 - INFO - [STEP] Element located by: xpath:(//div[@class='thread-list-title text-center']) is present on the page.
2026-03-25 18:21:22,921 - INFO - =====================================
2026-03-25 18:21:22,940 - INFO - [STEP] Opening page: https://ella.vn/
2026-03-25 18:21:23,423 - INFO - [STEP] Click element css:input[name='q']
2026-03-25 18:21:23,631 - INFO - [STEP] Input text "giày sandal" to element css:input[name='q']
2026-03-25 18:21:23,862 - INFO - [STEP] Click element css:button[type='submit']
2026-03-25 18:21:26,721 - INFO - [STEP] Actual text: Giày sandal công sở ELLA 7cm thanh lịch cuốn hút ELA662
2026-03-25 18:21:26,721 - INFO - [STEP] Expected text: Giày sandal
2026-03-25 18:21:26,722 - INFO - =====================================
2026-03-25 18:21:26,729 - INFO - [STEP] Opening page: https://ella.vn/
2026-03-25 18:21:27,125 - INFO - [STEP] Click element css:input[name='q']
2026-03-25 18:21:27,231 - INFO - [STEP] Input text "ELA618" to element css:input[name='q']
2026-03-25 18:21:27,343 - INFO - [STEP] Click element css:button[type='submit']
2026-03-25 18:21:30,516 - INFO - [STEP] Actual text: Giày sandal công sở ELLA 7cm da bóng họa tiết CC dập chìm sang trọng ELA618
2026-03-25 18:21:30,517 - INFO - [STEP] Expected text: ELA618
2026-03-25 18:21:30,518 - INFO - =====================================
2026-03-25 18:21:30,526 - INFO - [STEP] Opening page: https://ella.vn/
2026-03-25 18:21:30,919 - INFO - [STEP] Click element css:input[name='q']
2026-03-25 18:21:31,060 - INFO - [STEP] Input text "Giày sandal công sở ELLA 7cm thanh lịch cuốn hút ELA662" to element css:input[name='q']
2026-03-25 18:21:31,384 - INFO - [STEP] Click element css:button[type='submit']
2026-03-25 18:21:34,432 - INFO - [STEP] Actual text: Giày sandal công sở ELLA 7cm thanh lịch cuốn hút ELA662
2026-03-25 18:21:34,433 - INFO - [STEP] Expected text: Giày sandal công sở ELLA 7cm thanh lịch cuốn hút ELA662
2026-03-25 18:21:34,434 - INFO - =====================================
2026-03-25 18:21:34,440 - INFO - Close browser
2026-03-25 18:21:34,441 - INFO - ================================
2026-03-25 18:25:07,000 - INFO - ================================
2026-03-25 18:25:07,001 - INFO - Browser opened
2026-03-25 18:25:07,006 - INFO - [STEP] Opening page: https://ella.vn/
2026-03-25 18:25:11,207 - INFO - [STEP] Click element css:input[name='q']
2026-03-25 18:25:11,408 - INFO - [STEP] Input text "" to element css:input[name='q']
2026-03-25 18:25:11,579 - INFO - [STEP] Click element css:button[type='submit']
2026-03-25 18:25:11,742 - INFO - [STEP] Actual validation message: Please fill out this field.
2026-03-25 18:25:11,742 - INFO - [STEP] Expected validation message: Please fill out this field.
2026-03-25 18:25:11,745 - INFO - =====================================
2026-03-25 18:25:11,753 - INFO - [STEP] Opening page: https://ella.vn/
2026-03-25 18:25:12,331 - INFO - [STEP] Click element css:input[name='q']
2026-03-25 18:25:12,423 - INFO - [STEP] Input text "5cm" to element css:input[name='q']
2026-03-25 18:25:12,563 - INFO - [STEP] Click element css:button[type='submit']
2026-03-25 18:25:15,582 - INFO - [STEP] Actual text: Giày cao gót công sở ELLA 5cm - 7cm gót đắp mica tráng gương tinh tế, quyến rũ ELA682
2026-03-25 18:25:15,584 - INFO - [STEP] Expected text: 5cm
2026-03-25 18:25:15,584 - INFO - =====================================
2026-03-25 18:25:15,594 - INFO - [STEP] Opening page: https://ella.vn/
2026-03-25 18:25:16,092 - INFO - [STEP] Click element css:input[name='q']
2026-03-25 18:25:16,361 - INFO - [STEP] Input text "@" to element css:input[name='q']
2026-03-25 18:25:16,680 - INFO - [STEP] Click element css:button[type='submit']
2026-03-25 18:25:20,118 - INFO - [STEP] Element located by: xpath:(//div[@class='thread-list-title text-center']) is present on the page.
2026-03-25 18:25:20,119 - INFO - =====================================
2026-03-25 18:25:20,125 - INFO - [STEP] Opening page: https://ella.vn/
2026-03-25 18:25:20,516 - INFO - [STEP] Click element css:input[name='q']
2026-03-25 18:25:20,677 - INFO - [STEP] Input text "giày sandal" to element css:input[name='q']
2026-03-25 18:25:20,855 - INFO - [STEP] Click element css:button[type='submit']
2026-03-25 18:25:23,720 - INFO - [STEP] Actual text: Giày sandal công sở ELLA 7cm thanh lịch cuốn hút ELA662
2026-03-25 18:25:23,721 - INFO - [STEP] Expected text: Giày sandal
2026-03-25 18:25:23,722 - INFO - =====================================
2026-03-25 18:25:23,729 - INFO - [STEP] Opening page: https://ella.vn/
2026-03-25 18:25:24,192 - INFO - [STEP] Click element css:input[name='q']
2026-03-25 18:25:24,345 - INFO - [STEP] Input text "ELA618" to element css:input[name='q']
2026-03-25 18:25:24,629 - INFO - [STEP] Click element css:button[type='submit']
2026-03-25 18:25:27,789 - INFO - [STEP] Actual text: Giày sandal công sở ELLA 7cm da bóng họa tiết CC dập chìm sang trọng ELA618
2026-03-25 18:25:27,790 - INFO - [STEP] Expected text: ELA618
2026-03-25 18:25:27,791 - INFO - =====================================
2026-03-25 18:25:27,797 - INFO - [STEP] Opening page: https://ella.vn/
2026-03-25 18:25:28,201 - INFO - [STEP] Click element css:input[name='q']
2026-03-25 18:25:28,323 - INFO - [STEP] Input text "Giày sandal công sở ELLA 7cm thanh lịch cuốn hút ELA662" to element css:input[name='q']
2026-03-25 18:25:28,604 - INFO - [STEP] Click element css:button[type='submit']
2026-03-25 18:25:31,562 - INFO - [STEP] Actual text: Giày sandal công sở ELLA 7cm thanh lịch cuốn hút ELA662
2026-03-25 18:25:31,563 - INFO - [STEP] Expected text: Giày sandal công sở ELLA 7cm thanh lịch cuốn hút ELA662
2026-03-25 18:25:31,564 - INFO - =====================================
2026-03-25 18:25:31,570 - INFO - Close browser
2026-03-25 18:25:31,571 - INFO - ================================
