
2026-01-26 17:05:07,753 - INFO - Browser opened
2026-01-26 17:05:07,807 - INFO - Running login with user 
2026-01-26 17:05:10,437 - INFO - Login failed
2026-01-26 17:05:10,438 - INFO - Expected: Bạn chưa nhập email
2026-01-26 17:05:10,440 - INFO - Actual: Bạn chưa nhập email
2026-01-26 17:05:10,444 - INFO - ✅ PASS | Actual='Bạn chưa nhập email'
2026-01-26 17:05:10,452 - INFO - Finished case for user 
2026-01-26 17:05:10,456 - INFO - Running login with user tuyetmai99@gmail.com
2026-01-26 17:05:12,556 - INFO - Login failed
2026-01-26 17:05:12,561 - INFO - Expected: Bạn chưa nhập Mật khẩu
2026-01-26 17:05:12,565 - INFO - Actual: Bạn chưa nhập Mật khẩu
2026-01-26 17:05:12,574 - INFO - ✅ PASS | Actual='Bạn chưa nhập Mật khẩu'
2026-01-26 17:05:12,595 - INFO - Finished case for user tuyetmai99@gmail.com
2026-01-26 17:05:12,603 - INFO - Running login with user 
2026-01-26 17:05:14,895 - INFO - Login failed
2026-01-26 17:05:14,899 - INFO - Expected: Bạn chưa nhập email
2026-01-26 17:05:14,902 - INFO - Actual: Bạn chưa nhập email
2026-01-26 17:05:14,910 - INFO - ✅ PASS | Actual='Bạn chưa nhập email'
2026-01-26 17:05:14,929 - INFO - Finished case for user 
2026-01-26 17:05:14,938 - INFO - Running login with user tuyetmai99@gmail.com
2026-01-26 17:05:17,487 - INFO - Login failed
2026-01-26 17:05:17,492 - INFO - Expected: Tên đăng nhập hoặc mật khẩu không chính xác
2026-01-26 17:05:17,496 - INFO - Actual: Tên đăng nhập hoặc mật khẩu không chính xác
2026-01-26 17:05:17,506 - INFO - ✅ PASS | Actual='Tên đăng nhập hoặc mật khẩu không chính xác'
2026-01-26 17:05:17,523 - INFO - Finished case for user tuyetmai99@gmail.com
2026-01-26 17:05:17,529 - INFO - Running login with user tuyetmai@gmail.com
2026-01-26 17:05:19,823 - INFO - Login failed
2026-01-26 17:05:19,827 - INFO - Expected: Tên đăng nhập hoặc mật khẩu không chính xác
2026-01-26 17:05:19,830 - INFO - Actual: Tên đăng nhập hoặc mật khẩu không chính xác
2026-01-26 17:05:19,839 - INFO - ✅ PASS | Actual='Tên đăng nhập hoặc mật khẩu không chính xác'
2026-01-26 17:05:19,854 - INFO - Finished case for user tuyetmai@gmail.com
2026-01-26 17:05:19,861 - INFO - Running login with user tuyetmai99gmail.com
2026-01-26 17:05:22,614 - INFO - Login failed
2026-01-26 17:05:22,618 - INFO - Expected: Tên đăng nhập hoặc mật khẩu không chính xác
2026-01-26 17:05:22,619 - INFO - Actual: Tên đăng nhập hoặc mật khẩu không chính xác
2026-01-26 17:05:22,624 - INFO - ✅ PASS | Actual='Tên đăng nhập hoặc mật khẩu không chính xác'
2026-01-26 17:05:22,635 - INFO - Finished case for user tuyetmai99gmail.com
2026-01-26 17:05:22,639 - INFO - Running login with user tuyetmai99@.com
2026-01-26 17:05:24,489 - INFO - Login failed
2026-01-26 17:05:24,492 - INFO - Expected: Tên đăng nhập hoặc mật khẩu không chính xác
2026-01-26 17:05:24,494 - INFO - Actual: Tên đăng nhập hoặc mật khẩu không chính xác
2026-01-26 17:05:24,501 - INFO - ✅ PASS | Actual='Tên đăng nhập hoặc mật khẩu không chính xác'
2026-01-26 17:05:24,514 - INFO - Finished case for user tuyetmai99@.com
2026-01-26 17:05:24,520 - INFO - Running login with user tuyetmai@gmail
2026-01-26 17:05:26,919 - INFO - Login failed
2026-01-26 17:05:26,922 - INFO - Expected: Tên đăng nhập hoặc mật khẩu không chính xác
2026-01-26 17:05:26,926 - INFO - Actual: Tên đăng nhập hoặc mật khẩu không chính xác
2026-01-26 17:05:26,933 - INFO - ✅ PASS | Actual='Tên đăng nhập hoặc mật khẩu không chính xác'
2026-01-26 17:05:26,950 - INFO - Finished case for user tuyetmai@gmail
2026-01-26 17:05:26,956 - INFO - Running login with user tuyetmai99@gmail.com
2026-01-26 17:05:33,922 - ERROR - Test failed: Login With Data Driven
2026-01-26 17:05:34,190 - INFO - Close browser
2026-01-26 20:25:14,728 - INFO - Browser opened
2026-01-26 20:25:14,805 - INFO - Running login with user 
2026-01-26 20:25:18,081 - INFO - Login failed
2026-01-26 20:25:18,083 - INFO - Expected: Bạn chưa nhập email
2026-01-26 20:25:18,086 - INFO - Actual: Bạn chưa nhập email
2026-01-26 20:25:18,095 - INFO - ✅ PASS | Actual='Bạn chưa nhập email'
2026-01-26 20:25:18,105 - INFO - Finished case for user 
2026-01-26 20:25:18,111 - INFO - Running login with user tuyetmai99@gmail.com
2026-01-26 20:25:21,207 - INFO - Login failed
2026-01-26 20:25:21,210 - INFO - Expected: Bạn chưa nhập Mật khẩu
2026-01-26 20:25:21,213 - INFO - Actual: Bạn chưa nhập Mật khẩu
2026-01-26 20:25:21,219 - INFO - ✅ PASS | Actual='Bạn chưa nhập Mật khẩu'
2026-01-26 20:25:21,233 - INFO - Finished case for user tuyetmai99@gmail.com
2026-01-26 20:25:21,238 - INFO - Running login with user 
2026-01-26 20:25:23,584 - INFO - Login failed
2026-01-26 20:25:23,586 - INFO - Expected: Bạn chưa nhập email
2026-01-26 20:25:23,588 - INFO - Actual: Bạn chưa nhập email
2026-01-26 20:25:23,595 - INFO - ✅ PASS | Actual='Bạn chưa nhập email'
2026-01-26 20:25:23,604 - INFO - Finished case for user 
2026-01-26 20:25:23,610 - INFO - Running login with user tuyetmai99@gmail.com
2026-01-26 20:25:25,918 - INFO - Login failed
2026-01-26 20:25:25,920 - INFO - Expected: Tên đăng nhập hoặc mật khẩu không chính xác
2026-01-26 20:25:25,923 - INFO - Actual: Tên đăng nhập hoặc mật khẩu không chính xác
2026-01-26 20:25:25,931 - INFO - ✅ PASS | Actual='Tên đăng nhập hoặc mật khẩu không chính xác'
2026-01-26 20:25:25,947 - INFO - Finished case for user tuyetmai99@gmail.com
2026-01-26 20:25:25,954 - INFO - Running login with user tuyetmai@gmail.com
2026-01-26 20:25:28,798 - INFO - Login failed
2026-01-26 20:25:28,799 - INFO - Expected: Tên đăng nhập hoặc mật khẩu không chính xác
2026-01-26 20:25:28,801 - INFO - Actual: Tên đăng nhập hoặc mật khẩu không chính xác
2026-01-26 20:25:28,808 - INFO - ✅ PASS | Actual='Tên đăng nhập hoặc mật khẩu không chính xác'
2026-01-26 20:25:28,818 - INFO - Finished case for user tuyetmai@gmail.com
2026-01-26 20:25:28,822 - INFO - Running login with user tuyetmai99gmail.com
2026-01-26 20:25:31,591 - INFO - Login failed
2026-01-26 20:25:31,593 - INFO - Expected: Tên đăng nhập hoặc mật khẩu không chính xác
2026-01-26 20:25:31,594 - INFO - Actual: Tên đăng nhập hoặc mật khẩu không chính xác
2026-01-26 20:25:31,599 - INFO - ✅ PASS | Actual='Tên đăng nhập hoặc mật khẩu không chính xác'
2026-01-26 20:25:31,609 - INFO - Finished case for user tuyetmai99gmail.com
2026-01-26 20:25:31,614 - INFO - Running login with user tuyetmai99@.com
2026-01-26 20:25:33,800 - INFO - Login failed
2026-01-26 20:25:33,801 - INFO - Expected: Tên đăng nhập hoặc mật khẩu không chính xác
2026-01-26 20:25:33,803 - INFO - Actual: Tên đăng nhập hoặc mật khẩu không chính xác
2026-01-26 20:25:33,807 - INFO - ✅ PASS | Actual='Tên đăng nhập hoặc mật khẩu không chính xác'
2026-01-26 20:25:33,816 - INFO - Finished case for user tuyetmai99@.com
2026-01-26 20:25:33,821 - INFO - Running login with user tuyetmai@gmail
2026-01-26 20:25:35,676 - INFO - Login failed
2026-01-26 20:25:35,679 - INFO - Expected: Tên đăng nhập hoặc mật khẩu không chính xác
2026-01-26 20:25:35,681 - INFO - Actual: Tên đăng nhập hoặc mật khẩu không chính xác
2026-01-26 20:25:35,687 - INFO - ✅ PASS | Actual='Tên đăng nhập hoặc mật khẩu không chính xác'
2026-01-26 20:25:35,700 - INFO - Finished case for user tuyetmai@gmail
2026-01-26 20:25:35,705 - INFO - Running login with user tuyetmai99@gmail.com
2026-01-26 20:25:42,590 - ERROR - Test failed: Login With Data Driven
2026-01-26 20:25:42,783 - INFO - Close browser
2026-01-26 20:26:15,745 - INFO - Browser opened
2026-01-26 20:26:15,778 - INFO - Running login with user 
2026-01-26 20:26:18,668 - INFO - Login failed
2026-01-26 20:26:18,670 - INFO - Expected: Bạn chưa nhập email
2026-01-26 20:26:18,671 - INFO - Actual: Bạn chưa nhập email
2026-01-26 20:26:18,679 - INFO - ✅ PASS | Actual='Bạn chưa nhập email'
2026-01-26 20:26:18,695 - INFO - Finished case for user 
2026-01-26 20:26:18,702 - INFO - Running login with user tuyetmai99@gmail.com
2026-01-26 20:26:20,581 - INFO - Login failed
2026-01-26 20:26:20,584 - INFO - Expected: Bạn chưa nhập Mật khẩu
2026-01-26 20:26:20,586 - INFO - Actual: Bạn chưa nhập Mật khẩu
2026-01-26 20:26:20,593 - INFO - ✅ PASS | Actual='Bạn chưa nhập Mật khẩu'
2026-01-26 20:26:20,606 - INFO - Finished case for user tuyetmai99@gmail.com
2026-01-26 20:26:20,611 - INFO - Running login with user 
2026-01-26 20:26:23,076 - INFO - Login failed
2026-01-26 20:26:23,078 - INFO - Expected: Bạn chưa nhập email
2026-01-26 20:26:23,080 - INFO - Actual: Bạn chưa nhập email
2026-01-26 20:26:23,084 - INFO - ✅ PASS | Actual='Bạn chưa nhập email'
2026-01-26 20:26:23,094 - INFO - Finished case for user 
2026-01-26 20:26:23,099 - INFO - Running login with user tuyetmai99@gmail.com
2026-01-26 20:26:27,139 - INFO - Login failed
2026-01-26 20:26:27,141 - INFO - Expected: Tên đăng nhập hoặc mật khẩu không chính xác
2026-01-26 20:26:27,143 - INFO - Actual: Tên đăng nhập hoặc mật khẩu không chính xác
2026-01-26 20:26:27,147 - INFO - ✅ PASS | Actual='Tên đăng nhập hoặc mật khẩu không chính xác'
2026-01-26 20:26:27,155 - INFO - Finished case for user tuyetmai99@gmail.com
2026-01-26 20:26:27,160 - INFO - Running login with user tuyetmai@gmail.com
2026-01-26 20:26:30,566 - INFO - Login failed
2026-01-26 20:26:30,569 - INFO - Expected: Tên đăng nhập hoặc mật khẩu không chính xác
2026-01-26 20:26:30,570 - INFO - Actual: Tên đăng nhập hoặc mật khẩu không chính xác
2026-01-26 20:26:30,577 - INFO - ✅ PASS | Actual='Tên đăng nhập hoặc mật khẩu không chính xác'
2026-01-26 20:26:30,590 - INFO - Finished case for user tuyetmai@gmail.com
2026-01-26 20:26:30,595 - INFO - Running login with user tuyetmai99gmail.com
2026-01-26 20:26:34,615 - INFO - Login failed
2026-01-26 20:26:34,617 - INFO - Expected: Tên đăng nhập hoặc mật khẩu không chính xác
2026-01-26 20:26:34,618 - INFO - Actual: Tên đăng nhập hoặc mật khẩu không chính xác
2026-01-26 20:26:34,623 - INFO - ✅ PASS | Actual='Tên đăng nhập hoặc mật khẩu không chính xác'
2026-01-26 20:26:34,632 - INFO - Finished case for user tuyetmai99gmail.com
2026-01-26 20:26:34,635 - INFO - Running login with user tuyetmai99@.com
2026-01-26 20:26:36,962 - INFO - Login failed
2026-01-26 20:26:36,964 - INFO - Expected: Tên đăng nhập hoặc mật khẩu không chính xác
2026-01-26 20:26:36,966 - INFO - Actual: Tên đăng nhập hoặc mật khẩu không chính xác
2026-01-26 20:26:36,970 - INFO - ✅ PASS | Actual='Tên đăng nhập hoặc mật khẩu không chính xác'
2026-01-26 20:26:36,980 - INFO - Finished case for user tuyetmai99@.com
2026-01-26 20:26:36,984 - INFO - Running login with user tuyetmai@gmail
2026-01-26 20:26:39,334 - INFO - Login failed
2026-01-26 20:26:39,336 - INFO - Expected: Tên đăng nhập hoặc mật khẩu không chính xác
2026-01-26 20:26:39,337 - INFO - Actual: Tên đăng nhập hoặc mật khẩu không chính xác
2026-01-26 20:26:39,343 - INFO - ✅ PASS | Actual='Tên đăng nhập hoặc mật khẩu không chính xác'
2026-01-26 20:26:39,352 - INFO - Finished case for user tuyetmai@gmail
2026-01-26 20:26:39,356 - INFO - Running login with user tuyetmai99@gmail.com
2026-01-26 20:26:46,212 - ERROR - Test failed: Login With Data Driven
2026-01-26 20:26:46,472 - INFO - Close browser
2026-01-26 20:31:13,141 - INFO - Browser opened
2026-01-26 20:31:13,216 - INFO - Running login with user 
2026-01-26 20:31:17,049 - INFO - Login failed
2026-01-26 20:31:17,055 - INFO - Expected: Bạn chưa nhập email
2026-01-26 20:31:17,060 - INFO - Actual: Bạn chưa nhập email
2026-01-26 20:31:17,074 - INFO - ✅ PASS | Actual='Bạn chưa nhập email'
2026-01-26 20:31:17,095 - INFO - Finished case for user 
2026-01-26 20:31:17,105 - INFO - Running login with user tuyetmai99@gmail.com
2026-01-26 20:31:20,109 - INFO - Login failed
2026-01-26 20:31:20,112 - INFO - Expected: Bạn chưa nhập Mật khẩu
2026-01-26 20:31:20,115 - INFO - Actual: Bạn chưa nhập Mật khẩu
2026-01-26 20:31:20,122 - INFO - ✅ PASS | Actual='Bạn chưa nhập Mật khẩu'
2026-01-26 20:31:20,133 - INFO - Finished case for user tuyetmai99@gmail.com
2026-01-26 20:31:20,138 - INFO - Running login with user 
2026-01-26 20:31:23,776 - INFO - Login failed
2026-01-26 20:31:23,780 - INFO - Expected: Bạn chưa nhập email
2026-01-26 20:31:23,784 - INFO - Actual: Bạn chưa nhập email
2026-01-26 20:31:23,798 - INFO - ✅ PASS | Actual='Bạn chưa nhập email'
2026-01-26 20:31:23,821 - INFO - Finished case for user 
2026-01-26 20:31:23,828 - INFO - Running login with user tuyetmai99@gmail.com
2026-01-26 20:31:26,839 - INFO - Login failed
2026-01-26 20:31:26,841 - INFO - Expected: Tên đăng nhập hoặc mật khẩu không chính xác
2026-01-26 20:31:26,843 - INFO - Actual: Tên đăng nhập hoặc mật khẩu không chính xác
2026-01-26 20:31:26,848 - INFO - ✅ PASS | Actual='Tên đăng nhập hoặc mật khẩu không chính xác'
2026-01-26 20:31:26,859 - INFO - Finished case for user tuyetmai99@gmail.com
2026-01-26 20:31:26,866 - INFO - Running login with user tuyetmai@gmail.com
2026-01-26 20:31:29,249 - INFO - Login failed
2026-01-26 20:31:29,252 - INFO - Expected: Tên đăng nhập hoặc mật khẩu không chính xác
2026-01-26 20:31:29,256 - INFO - Actual: Tên đăng nhập hoặc mật khẩu không chính xác
2026-01-26 20:31:29,264 - INFO - ✅ PASS | Actual='Tên đăng nhập hoặc mật khẩu không chính xác'
2026-01-26 20:31:29,279 - INFO - Finished case for user tuyetmai@gmail.com
2026-01-26 20:31:29,284 - INFO - Running login with user tuyetmai99gmail.com
2026-01-26 20:31:33,140 - INFO - Login failed
2026-01-26 20:31:33,144 - INFO - Expected: Tên đăng nhập hoặc mật khẩu không chính xác
2026-01-26 20:31:33,149 - INFO - Actual: Tên đăng nhập hoặc mật khẩu không chính xác
2026-01-26 20:31:33,158 - INFO - ✅ PASS | Actual='Tên đăng nhập hoặc mật khẩu không chính xác'
2026-01-26 20:31:33,173 - INFO - Finished case for user tuyetmai99gmail.com
2026-01-26 20:31:33,180 - INFO - Running login with user tuyetmai99@.com
2026-01-26 20:31:36,459 - INFO - Login failed
2026-01-26 20:31:36,461 - INFO - Expected: Tên đăng nhập hoặc mật khẩu không chính xác
2026-01-26 20:31:36,464 - INFO - Actual: Tên đăng nhập hoặc mật khẩu không chính xác
2026-01-26 20:31:36,469 - INFO - ✅ PASS | Actual='Tên đăng nhập hoặc mật khẩu không chính xác'
2026-01-26 20:31:36,478 - INFO - Finished case for user tuyetmai99@.com
2026-01-26 20:31:36,482 - INFO - Running login with user tuyetmai@gmail
2026-01-26 20:31:38,536 - INFO - Login failed
2026-01-26 20:31:38,542 - INFO - Expected: Tên đăng nhập hoặc mật khẩu không chính xác
2026-01-26 20:31:38,546 - INFO - Actual: Tên đăng nhập hoặc mật khẩu không chính xác
2026-01-26 20:31:38,557 - INFO - ✅ PASS | Actual='Tên đăng nhập hoặc mật khẩu không chính xác'
2026-01-26 20:31:38,577 - INFO - Finished case for user tuyetmai@gmail
2026-01-26 20:31:38,587 - INFO - Running login with user tuyetmai99@gmail.com
2026-01-26 20:31:45,189 - ERROR - Test failed: Login With Data Driven
2026-01-26 20:31:45,467 - INFO - Close browser
2026-01-26 20:51:05,751 - INFO - Browser opened
2026-01-26 20:51:05,804 - ERROR - Test failed: Login With One Data Row
2026-01-26 20:51:05,947 - INFO - Close browser
