2026-03-26 13:22:45,176 - INFO - ================================
2026-03-26 13:22:45,177 - INFO - Browser opened
2026-03-26 13:22:45,179 - INFO - [STEP] Opening page: https://ella.vn/
2026-03-26 13:22:46,990 - INFO - [STEP] Click element xpath://div[@class='lf']//span[contains(text(),'Đăng nhập')]
2026-03-26 13:22:47,204 - INFO - [STEP] Input text "" to element css:input[placeholder='Email']
2026-03-26 13:22:48,952 - INFO - [STEP] Input text "" to element css:input[placeholder='Password']
2026-03-26 13:22:49,143 - INFO - [STEP] Click element xpath://button[contains(text(),'Đăng nhập')]
2026-03-26 13:22:49,319 - INFO - [STEP] Actual validation message: Please fill out this field.
2026-03-26 13:22:49,320 - INFO - [STEP] Expected validation message: Please fill out this field.
2026-03-26 13:22:49,323 - INFO - =====================================
2026-03-26 13:22:49,331 - INFO - [STEP] Opening page: https://ella.vn/
2026-03-26 13:22:50,210 - INFO - [STEP] Click element xpath://div[@class='lf']//span[contains(text(),'Đăng nhập')]
2026-03-26 13:22:50,381 - INFO - [STEP] Input text "tuyetmai99@gmail.com" to element css:input[placeholder='Email']
2026-03-26 13:22:52,045 - INFO - [STEP] Input text "" to element css:input[placeholder='Password']
2026-03-26 13:22:52,175 - INFO - [STEP] Click element xpath://button[contains(text(),'Đăng nhập')]
2026-03-26 13:22:52,272 - INFO - [STEP] Actual validation message: Please fill out this field.
2026-03-26 13:22:52,273 - INFO - [STEP] Expected validation message: Please fill out this field.
2026-03-26 13:22:52,275 - INFO - =====================================
2026-03-26 13:22:52,282 - INFO - [STEP] Opening page: https://ella.vn/
2026-03-26 13:22:52,689 - INFO - [STEP] Click element xpath://div[@class='lf']//span[contains(text(),'Đăng nhập')]
2026-03-26 13:22:52,854 - INFO - [STEP] Input text "" to element css:input[placeholder='Email']
2026-03-26 13:22:54,577 - INFO - [STEP] Input text "tuyetmai99" to element css:input[placeholder='Password']
2026-03-26 13:22:54,778 - INFO - [STEP] Click element xpath://button[contains(text(),'Đăng nhập')]
2026-03-26 13:22:54,941 - INFO - [STEP] Actual validation message: Please fill out this field.
2026-03-26 13:22:54,942 - INFO - [STEP] Expected validation message: Please fill out this field.
2026-03-26 13:22:54,944 - INFO - =====================================
2026-03-26 13:22:54,954 - INFO - [STEP] Opening page: https://ella.vn/
2026-03-26 13:22:55,805 - INFO - [STEP] Click element xpath://div[@class='lf']//span[contains(text(),'Đăng nhập')]
2026-03-26 13:22:56,024 - INFO - [STEP] Input text "tuyetmai99@gmail.com" to element css:input[placeholder='Email']
2026-03-26 13:22:57,668 - INFO - [STEP] Input text "tuyetmai" to element css:input[placeholder='Password']
2026-03-26 13:22:57,877 - INFO - [STEP] Click element xpath://button[contains(text(),'Đăng nhập')]
2026-03-26 13:23:03,176 - INFO - [STEP] No alert → verify page
2026-03-26 13:23:03,208 - INFO - [STEP] Page contains expected text: Tài khoản hoặc mật khẩu không chính xác
2026-03-26 13:23:03,208 - INFO - =====================================
2026-03-26 13:23:03,215 - INFO - [STEP] Opening page: https://ella.vn/
2026-03-26 13:23:03,727 - INFO - [STEP] Click element xpath://div[@class='lf']//span[contains(text(),'Đăng nhập')]
2026-03-26 13:23:03,869 - INFO - [STEP] Input text "tuyetmai@gmail.com" to element css:input[placeholder='Email']
2026-03-26 13:23:05,612 - INFO - [STEP] Input text "tuyetmai99" to element css:input[placeholder='Password']
2026-03-26 13:23:05,878 - INFO - [STEP] Click element xpath://button[contains(text(),'Đăng nhập')]
2026-03-26 13:23:11,127 - INFO - [STEP] No alert → verify page
2026-03-26 13:23:11,150 - INFO - [STEP] Page contains expected text: Tài khoản hoặc mật khẩu không chính xác
2026-03-26 13:23:11,151 - INFO - =====================================
2026-03-26 13:23:11,161 - INFO - [STEP] Opening page: https://ella.vn/
2026-03-26 13:23:11,604 - INFO - [STEP] Click element xpath://div[@class='lf']//span[contains(text(),'Đăng nhập')]
2026-03-26 13:23:11,755 - INFO - [STEP] Input text "tuyetmai99gmail.com" to element css:input[placeholder='Email']
2026-03-26 13:23:13,471 - INFO - [STEP] Input text "tuyetmai99" to element css:input[placeholder='Password']
2026-03-26 13:23:13,713 - INFO - [STEP] Click element xpath://button[contains(text(),'Đăng nhập')]
2026-03-26 13:23:18,919 - INFO - [STEP] No alert → verify page
2026-03-26 13:23:18,948 - INFO - [STEP] Page contains expected text: Tài khoản hoặc mật khẩu không chính xác
2026-03-26 13:23:18,949 - INFO - =====================================
2026-03-26 13:23:18,956 - INFO - [STEP] Opening page: https://ella.vn/
2026-03-26 13:23:19,379 - INFO - [STEP] Click element xpath://div[@class='lf']//span[contains(text(),'Đăng nhập')]
2026-03-26 13:23:19,561 - INFO - [STEP] Input text "tuyetmai99@.com" to element css:input[placeholder='Email']
2026-03-26 13:23:21,491 - INFO - [STEP] Input text "tuyetmai99" to element css:input[placeholder='Password']
2026-03-26 13:23:21,693 - INFO - [STEP] Click element xpath://button[contains(text(),'Đăng nhập')]
2026-03-26 13:23:26,930 - INFO - [STEP] No alert → verify page
2026-03-26 13:23:26,955 - INFO - [STEP] Page contains expected text: Tài khoản hoặc mật khẩu không chính xác
2026-03-26 13:23:26,956 - INFO - =====================================
2026-03-26 13:23:26,962 - INFO - [STEP] Opening page: https://ella.vn/
2026-03-26 13:23:27,394 - INFO - [STEP] Click element xpath://div[@class='lf']//span[contains(text(),'Đăng nhập')]
2026-03-26 13:23:27,542 - INFO - [STEP] Input text "tuyetmai@gmail" to element css:input[placeholder='Email']
2026-03-26 13:23:29,238 - INFO - [STEP] Input text "tuyetmai99" to element css:input[placeholder='Password']
2026-03-26 13:23:29,479 - INFO - [STEP] Click element xpath://button[contains(text(),'Đăng nhập')]
2026-03-26 13:23:34,682 - INFO - [STEP] No alert → verify page
2026-03-26 13:23:34,706 - INFO - [STEP] Page contains expected text: Tài khoản hoặc mật khẩu không chính xác
2026-03-26 13:23:34,707 - INFO - =====================================
2026-03-26 13:23:34,714 - INFO - [STEP] Opening page: https://ella.vn/
2026-03-26 13:23:35,167 - INFO - [STEP] Click element xpath://div[@class='lf']//span[contains(text(),'Đăng nhập')]
2026-03-26 13:23:35,378 - INFO - [STEP] Input text "tuyetmai99@gmail.com" to element css:input[placeholder='Email']
2026-03-26 13:23:37,080 - INFO - [STEP] Input text "tuyetmai99" to element css:input[placeholder='Password']
2026-03-26 13:23:37,293 - INFO - [STEP] Click element xpath://button[contains(text(),'Đăng nhập')]
2026-03-26 13:23:42,530 - INFO - [STEP] No alert → verify page
2026-03-26 13:23:43,125 - INFO - Close browser
2026-03-26 13:23:43,126 - INFO - ================================
2026-03-26 13:51:58,016 - INFO - ================================
2026-03-26 13:51:58,018 - INFO - Browser opened
2026-03-26 13:51:58,022 - INFO - [STEP] Opening page: https://ella.vn/
2026-03-26 13:52:03,886 - INFO - [STEP] Click element xpath://div[@class='lf']//span[contains(text(),'Đăng nhập')]
2026-03-26 13:52:04,161 - INFO - [STEP] Input text "" to element css:input[placeholder='Email']
2026-03-26 13:52:05,926 - INFO - [STEP] Input text "" to element css:input[placeholder='Password']
2026-03-26 13:52:06,163 - INFO - [STEP] Click element xpath://button[contains(text(),'Đăng nhập')]
2026-03-26 13:52:06,399 - INFO - [STEP] Actual validation message: Please fill out this field.
2026-03-26 13:52:06,400 - INFO - [STEP] Expected validation message: Please fill out this field.
2026-03-26 13:52:06,405 - INFO - =====================================
2026-03-26 13:52:06,422 - INFO - [STEP] Opening page: https://ella.vn/
2026-03-26 13:52:07,322 - INFO - [STEP] Click element xpath://div[@class='lf']//span[contains(text(),'Đăng nhập')]
2026-03-26 13:52:07,534 - INFO - [STEP] Input text "tuyetmai99@gmail.com" to element css:input[placeholder='Email']
2026-03-26 13:52:09,311 - INFO - [STEP] Input text "" to element css:input[placeholder='Password']
2026-03-26 13:52:09,473 - INFO - [STEP] Click element xpath://button[contains(text(),'Đăng nhập')]
2026-03-26 13:52:09,595 - INFO - [STEP] Actual validation message: Please fill out this field.
2026-03-26 13:52:09,596 - INFO - [STEP] Expected validation message: Please fill out this field.
2026-03-26 13:52:09,600 - INFO - =====================================
2026-03-26 13:52:09,610 - INFO - [STEP] Opening page: https://ella.vn/
2026-03-26 13:52:10,260 - INFO - [STEP] Click element xpath://div[@class='lf']//span[contains(text(),'Đăng nhập')]
2026-03-26 13:52:10,555 - INFO - [STEP] Input text "" to element css:input[placeholder='Email']
2026-03-26 13:52:12,479 - INFO - [STEP] Input text "tuyetmai99" to element css:input[placeholder='Password']
2026-03-26 13:52:12,926 - INFO - [STEP] Click element xpath://button[contains(text(),'Đăng nhập')]
2026-03-26 13:52:13,174 - INFO - [STEP] Actual validation message: Please fill out this field.
2026-03-26 13:52:13,176 - INFO - [STEP] Expected validation message: Please fill out this field.
2026-03-26 13:52:13,181 - INFO - =====================================
2026-03-26 13:52:13,201 - INFO - [STEP] Opening page: https://ella.vn/
2026-03-26 13:52:13,912 - INFO - [STEP] Click element xpath://div[@class='lf']//span[contains(text(),'Đăng nhập')]
2026-03-26 13:52:14,268 - INFO - [STEP] Input text "tuyetmai99@gmail.com" to element css:input[placeholder='Email']
2026-03-26 13:52:16,265 - INFO - [STEP] Input text "tuyetmai" to element css:input[placeholder='Password']
2026-03-26 13:52:16,675 - INFO - [STEP] Click element xpath://button[contains(text(),'Đăng nhập')]
2026-03-26 13:52:17,632 - INFO - [STEP] Opening page: https://ella.vn/
2026-03-26 13:52:18,338 - INFO - [STEP] Click element xpath://div[@class='lf']//span[contains(text(),'Đăng nhập')]
2026-03-26 13:52:18,454 - INFO - [STEP] Input text "tuyetmai@gmail.com" to element css:input[placeholder='Email']
2026-03-26 13:52:20,122 - INFO - [STEP] Input text "tuyetmai99" to element css:input[placeholder='Password']
2026-03-26 13:52:20,328 - INFO - [STEP] Click element xpath://button[contains(text(),'Đăng nhập')]
2026-03-26 13:52:21,052 - INFO - [STEP] Opening page: https://ella.vn/
2026-03-26 13:52:21,557 - INFO - [STEP] Click element xpath://div[@class='lf']//span[contains(text(),'Đăng nhập')]
2026-03-26 13:52:21,850 - INFO - [STEP] Input text "tuyetmai99gmail.com" to element css:input[placeholder='Email']
2026-03-26 13:52:23,749 - INFO - [STEP] Input text "tuyetmai99" to element css:input[placeholder='Password']
2026-03-26 13:52:24,176 - INFO - [STEP] Click element xpath://button[contains(text(),'Đăng nhập')]
2026-03-26 13:52:24,756 - INFO - [STEP] Opening page: https://ella.vn/
2026-03-26 13:52:25,233 - INFO - [STEP] Click element xpath://div[@class='lf']//span[contains(text(),'Đăng nhập')]
2026-03-26 13:52:25,365 - INFO - [STEP] Input text "tuyetmai99@.com" to element css:input[placeholder='Email']
2026-03-26 13:52:27,013 - INFO - [STEP] Input text "tuyetmai99" to element css:input[placeholder='Password']
2026-03-26 13:52:27,153 - INFO - [STEP] Click element xpath://button[contains(text(),'Đăng nhập')]
2026-03-26 13:52:27,783 - INFO - [STEP] Opening page: https://ella.vn/
2026-03-26 13:52:28,339 - INFO - [STEP] Click element xpath://div[@class='lf']//span[contains(text(),'Đăng nhập')]
2026-03-26 13:52:28,617 - INFO - [STEP] Input text "tuyetmai@gmail" to element css:input[placeholder='Email']
2026-03-26 13:52:30,398 - INFO - [STEP] Input text "tuyetmai99" to element css:input[placeholder='Password']
2026-03-26 13:52:30,795 - INFO - [STEP] Click element xpath://button[contains(text(),'Đăng nhập')]
2026-03-26 13:52:31,605 - INFO - [STEP] Opening page: https://ella.vn/
2026-03-26 13:52:32,107 - INFO - [STEP] Click element xpath://div[@class='lf']//span[contains(text(),'Đăng nhập')]
2026-03-26 13:52:32,447 - INFO - [STEP] Input text "tuyetmai99@gmail.com" to element css:input[placeholder='Email']
2026-03-26 13:52:34,123 - INFO - [STEP] Input text "tuyetmai99" to element css:input[placeholder='Password']
2026-03-26 13:52:34,321 - INFO - [STEP] Click element xpath://button[contains(text(),'Đăng nhập')]
2026-03-26 13:52:45,023 - INFO - Close browser
2026-03-26 13:52:45,024 - INFO - ================================
2026-03-26 14:09:31,454 - INFO - ================================
2026-03-26 14:09:31,455 - INFO - Browser opened
2026-03-26 14:09:31,460 - INFO - [STEP] Opening page: https://ella.vn/
2026-03-26 14:09:37,485 - INFO - [STEP] Click element xpath://div[@class='lf']//span[contains(text(),'Đăng nhập')]
2026-03-26 14:09:37,652 - INFO - [STEP] Input text "" to element css:input[placeholder='Email']
2026-03-26 14:09:39,436 - INFO - [STEP] Input text "" to element css:input[placeholder='Password']
2026-03-26 14:09:39,643 - INFO - [STEP] Click element xpath://button[contains(text(),'Đăng nhập')]
2026-03-26 14:09:39,801 - INFO - [STEP] Actual validation message: Please fill out this field.
2026-03-26 14:09:39,802 - INFO - [STEP] Expected validation message: Please fill out this field.
2026-03-26 14:09:39,805 - INFO - =====================================
2026-03-26 14:09:39,816 - INFO - [STEP] Opening page: https://ella.vn/
2026-03-26 14:09:40,357 - INFO - [STEP] Click element xpath://div[@class='lf']//span[contains(text(),'Đăng nhập')]
2026-03-26 14:09:40,621 - INFO - [STEP] Input text "tuyetmai99@gmail.com" to element css:input[placeholder='Email']
2026-03-26 14:09:42,594 - INFO - [STEP] Input text "" to element css:input[placeholder='Password']
2026-03-26 14:09:42,801 - INFO - [STEP] Click element xpath://button[contains(text(),'Đăng nhập')]
2026-03-26 14:09:43,008 - INFO - [STEP] Actual validation message: Please fill out this field.
2026-03-26 14:09:43,009 - INFO - [STEP] Expected validation message: Please fill out this field.
2026-03-26 14:09:43,012 - INFO - =====================================
2026-03-26 14:09:43,025 - INFO - [STEP] Opening page: https://ella.vn/
2026-03-26 14:09:43,680 - INFO - [STEP] Click element xpath://div[@class='lf']//span[contains(text(),'Đăng nhập')]
2026-03-26 14:09:43,789 - INFO - [STEP] Input text "" to element css:input[placeholder='Email']
2026-03-26 14:09:45,667 - INFO - [STEP] Input text "tuyetmai99" to element css:input[placeholder='Password']
2026-03-26 14:09:45,854 - INFO - [STEP] Click element xpath://button[contains(text(),'Đăng nhập')]
2026-03-26 14:09:45,974 - INFO - [STEP] Actual validation message: Please fill out this field.
2026-03-26 14:09:45,974 - INFO - [STEP] Expected validation message: Please fill out this field.
2026-03-26 14:09:45,976 - INFO - =====================================
2026-03-26 14:09:45,988 - INFO - [STEP] Opening page: https://ella.vn/
2026-03-26 14:09:46,438 - INFO - [STEP] Click element xpath://div[@class='lf']//span[contains(text(),'Đăng nhập')]
2026-03-26 14:09:46,539 - INFO - [STEP] Input text "tuyetmai99@gmail.com" to element css:input[placeholder='Email']
2026-03-26 14:09:48,298 - INFO - [STEP] Input text "tuyetmai" to element css:input[placeholder='Password']
2026-03-26 14:09:48,490 - INFO - [STEP] Click element xpath://button[contains(text(),'Đăng nhập')]
2026-03-26 14:10:03,834 - INFO - [STEP] No alert → verify page
2026-03-26 14:10:03,871 - INFO - [STEP] Page contains expected text: Tài khoản hoặc mật khẩu không chính xác
2026-03-26 14:10:03,872 - INFO - =====================================
2026-03-26 14:10:03,880 - INFO - [STEP] Opening page: https://ella.vn/
2026-03-26 14:10:04,304 - INFO - [STEP] Click element xpath://div[@class='lf']//span[contains(text(),'Đăng nhập')]
2026-03-26 14:10:04,468 - INFO - [STEP] Input text "tuyetmai@gmail.com" to element css:input[placeholder='Email']
2026-03-26 14:10:06,224 - INFO - [STEP] Input text "tuyetmai99" to element css:input[placeholder='Password']
2026-03-26 14:10:06,439 - INFO - [STEP] Click element xpath://button[contains(text(),'Đăng nhập')]
2026-03-26 14:10:21,907 - INFO - [STEP] No alert → verify page
2026-03-26 14:10:21,933 - INFO - [STEP] Page contains expected text: Tài khoản hoặc mật khẩu không chính xác
2026-03-26 14:10:21,934 - INFO - =====================================
2026-03-26 14:10:21,942 - INFO - [STEP] Opening page: https://ella.vn/
2026-03-26 14:10:22,442 - INFO - [STEP] Click element xpath://div[@class='lf']//span[contains(text(),'Đăng nhập')]
2026-03-26 14:10:22,655 - INFO - [STEP] Input text "tuyetmai99gmail.com" to element css:input[placeholder='Email']
2026-03-26 14:10:24,363 - INFO - [STEP] Input text "tuyetmai99" to element css:input[placeholder='Password']
2026-03-26 14:10:24,561 - INFO - [STEP] Click element xpath://button[contains(text(),'Đăng nhập')]
2026-03-26 14:10:40,003 - INFO - [STEP] No alert → verify page
2026-03-26 14:10:40,029 - INFO - [STEP] Page contains expected text: Tài khoản hoặc mật khẩu không chính xác
2026-03-26 14:10:40,030 - INFO - =====================================
2026-03-26 14:10:40,039 - INFO - [STEP] Opening page: https://ella.vn/
2026-03-26 14:10:40,503 - INFO - [STEP] Click element xpath://div[@class='lf']//span[contains(text(),'Đăng nhập')]
2026-03-26 14:10:40,675 - INFO - [STEP] Input text "tuyetmai99@.com" to element css:input[placeholder='Email']
2026-03-26 14:10:42,389 - INFO - [STEP] Input text "tuyetmai99" to element css:input[placeholder='Password']
2026-03-26 14:10:42,599 - INFO - [STEP] Click element xpath://button[contains(text(),'Đăng nhập')]
2026-03-26 14:10:58,004 - INFO - [STEP] No alert → verify page
2026-03-26 14:10:58,034 - INFO - [STEP] Page contains expected text: Tài khoản hoặc mật khẩu không chính xác
2026-03-26 14:10:58,035 - INFO - =====================================
2026-03-26 14:10:58,042 - INFO - [STEP] Opening page: https://ella.vn/
2026-03-26 14:10:58,987 - INFO - [STEP] Click element xpath://div[@class='lf']//span[contains(text(),'Đăng nhập')]
2026-03-26 14:10:59,221 - INFO - [STEP] Input text "tuyetmai@gmail" to element css:input[placeholder='Email']
2026-03-26 14:11:00,866 - INFO - [STEP] Input text "tuyetmai99" to element css:input[placeholder='Password']
2026-03-26 14:11:01,018 - INFO - [STEP] Click element xpath://button[contains(text(),'Đăng nhập')]
2026-03-26 14:11:16,279 - INFO - [STEP] No alert → verify page
2026-03-26 14:11:16,308 - INFO - [STEP] Page contains expected text: Tài khoản hoặc mật khẩu không chính xác
2026-03-26 14:11:16,309 - INFO - =====================================
2026-03-26 14:11:16,319 - INFO - [STEP] Opening page: https://ella.vn/
2026-03-26 14:11:16,836 - INFO - [STEP] Click element xpath://div[@class='lf']//span[contains(text(),'Đăng nhập')]
2026-03-26 14:11:16,990 - INFO - [STEP] Input text "tuyetmai99@gmail.com" to element css:input[placeholder='Email']
2026-03-26 14:11:18,950 - INFO - [STEP] Input text "tuyetmai99" to element css:input[placeholder='Password']
2026-03-26 14:11:19,202 - INFO - [STEP] Click element xpath://button[contains(text(),'Đăng nhập')]
2026-03-26 14:11:34,615 - INFO - [STEP] No alert → verify page
2026-03-26 14:11:35,140 - INFO - Close browser
2026-03-26 14:11:35,141 - INFO - ================================
2026-03-26 14:16:19,130 - INFO - ================================
2026-03-26 14:16:19,131 - INFO - Browser opened
2026-03-26 14:16:19,134 - INFO - [STEP] Opening page: https://ella.vn/
2026-03-26 14:16:22,993 - INFO - [STEP] Click element xpath://div[@class='lf']//span[contains(text(),'Đăng nhập')]
2026-03-26 14:16:23,210 - INFO - [STEP] Input text "" to element css:input[placeholder='Email']
2026-03-26 14:16:25,150 - INFO - [STEP] Input text "" to element css:input[placeholder='Password']
2026-03-26 14:16:25,478 - INFO - [STEP] Click element xpath://button[contains(text(),'Đăng nhập')]
2026-03-26 14:16:25,799 - INFO - [STEP] Actual validation message: Please fill out this field.
2026-03-26 14:16:25,801 - INFO - [STEP] Expected validation message: Please fill out this field.
2026-03-26 14:16:25,808 - INFO - =====================================
2026-03-26 14:16:25,824 - INFO - [STEP] Opening page: https://ella.vn/
2026-03-26 14:16:26,582 - INFO - [STEP] Click element xpath://div[@class='lf']//span[contains(text(),'Đăng nhập')]
2026-03-26 14:16:26,954 - INFO - [STEP] Input text "tuyetmai99@gmail.com" to element css:input[placeholder='Email']
2026-03-26 14:16:28,757 - INFO - [STEP] Input text "" to element css:input[placeholder='Password']
2026-03-26 14:16:28,953 - INFO - [STEP] Click element xpath://button[contains(text(),'Đăng nhập')]
2026-03-26 14:16:29,159 - INFO - [STEP] Actual validation message: Please fill out this field.
2026-03-26 14:16:29,161 - INFO - [STEP] Expected validation message: Please fill out this field.
2026-03-26 14:16:29,164 - INFO - =====================================
2026-03-26 14:16:29,170 - INFO - [STEP] Opening page: https://ella.vn/
2026-03-26 14:16:29,636 - INFO - [STEP] Click element xpath://div[@class='lf']//span[contains(text(),'Đăng nhập')]
2026-03-26 14:16:29,794 - INFO - [STEP] Input text "" to element css:input[placeholder='Email']
2026-03-26 14:16:31,463 - INFO - [STEP] Input text "tuyetmai99" to element css:input[placeholder='Password']
2026-03-26 14:16:31,603 - INFO - [STEP] Click element xpath://button[contains(text(),'Đăng nhập')]
2026-03-26 14:16:31,761 - INFO - [STEP] Actual validation message: Please fill out this field.
2026-03-26 14:16:31,762 - INFO - [STEP] Expected validation message: Please fill out this field.
2026-03-26 14:16:31,765 - INFO - =====================================
2026-03-26 14:16:31,775 - INFO - [STEP] Opening page: https://ella.vn/
2026-03-26 14:16:32,356 - INFO - [STEP] Click element xpath://div[@class='lf']//span[contains(text(),'Đăng nhập')]
2026-03-26 14:16:32,535 - INFO - [STEP] Input text "tuyetmai99@gmail.com" to element css:input[placeholder='Email']
2026-03-26 14:16:34,259 - INFO - [STEP] Input text "tuyetmai" to element css:input[placeholder='Password']
2026-03-26 14:16:34,439 - INFO - [STEP] Click element xpath://button[contains(text(),'Đăng nhập')]
2026-03-26 14:16:49,690 - INFO - [STEP] No alert → verify page
2026-03-26 14:16:49,722 - INFO - [STEP] Page contains expected text: Tài khoản hoặc mật khẩu không chính xác
2026-03-26 14:16:49,723 - INFO - =====================================
2026-03-26 14:16:49,731 - INFO - [STEP] Opening page: https://ella.vn/
2026-03-26 14:16:50,148 - INFO - [STEP] Click element xpath://div[@class='lf']//span[contains(text(),'Đăng nhập')]
2026-03-26 14:16:50,316 - INFO - [STEP] Input text "tuyetmai@gmail.com" to element css:input[placeholder='Email']
2026-03-26 14:16:52,067 - INFO - [STEP] Input text "tuyetmai99" to element css:input[placeholder='Password']
2026-03-26 14:16:52,296 - INFO - [STEP] Click element xpath://button[contains(text(),'Đăng nhập')]
2026-03-26 14:17:07,747 - INFO - [STEP] No alert → verify page
2026-03-26 14:17:07,775 - INFO - [STEP] Page contains expected text: Tài khoản hoặc mật khẩu không chính xác
2026-03-26 14:17:07,775 - INFO - =====================================
2026-03-26 14:17:07,786 - INFO - [STEP] Opening page: https://ella.vn/
2026-03-26 14:17:08,332 - INFO - [STEP] Click element xpath://div[@class='lf']//span[contains(text(),'Đăng nhập')]
2026-03-26 14:17:08,567 - INFO - [STEP] Input text "tuyetmai99gmail.com" to element css:input[placeholder='Email']
2026-03-26 14:17:10,365 - INFO - [STEP] Input text "tuyetmai99" to element css:input[placeholder='Password']
2026-03-26 14:17:10,546 - INFO - [STEP] Click element xpath://button[contains(text(),'Đăng nhập')]
2026-03-26 14:17:25,902 - INFO - [STEP] No alert → verify page
2026-03-26 14:17:25,928 - INFO - [STEP] Page contains expected text: Tài khoản hoặc mật khẩu không chính xác
2026-03-26 14:17:25,929 - INFO - =====================================
2026-03-26 14:17:25,937 - INFO - [STEP] Opening page: https://ella.vn/
2026-03-26 14:17:26,400 - INFO - [STEP] Click element xpath://div[@class='lf']//span[contains(text(),'Đăng nhập')]
2026-03-26 14:17:26,646 - INFO - [STEP] Input text "tuyetmai99@.com" to element css:input[placeholder='Email']
2026-03-26 14:17:28,446 - INFO - [STEP] Input text "tuyetmai99" to element css:input[placeholder='Password']
2026-03-26 14:17:28,683 - INFO - [STEP] Click element xpath://button[contains(text(),'Đăng nhập')]
2026-03-26 14:17:44,017 - INFO - [STEP] No alert → verify page
2026-03-26 14:17:44,044 - INFO - [STEP] Page contains expected text: Tài khoản hoặc mật khẩu không chính xác
2026-03-26 14:17:44,045 - INFO - =====================================
2026-03-26 14:17:44,053 - INFO - [STEP] Opening page: https://ella.vn/
2026-03-26 14:17:44,514 - INFO - [STEP] Click element xpath://div[@class='lf']//span[contains(text(),'Đăng nhập')]
2026-03-26 14:17:44,718 - INFO - [STEP] Input text "tuyetmai@gmail" to element css:input[placeholder='Email']
2026-03-26 14:17:46,443 - INFO - [STEP] Input text "tuyetmai99" to element css:input[placeholder='Password']
2026-03-26 14:17:46,632 - INFO - [STEP] Click element xpath://button[contains(text(),'Đăng nhập')]
2026-03-26 14:18:01,988 - INFO - [STEP] No alert → verify page
2026-03-26 14:18:02,012 - INFO - [STEP] Page contains expected text: Tài khoản hoặc mật khẩu không chính xác
2026-03-26 14:18:02,013 - INFO - =====================================
2026-03-26 14:18:02,026 - INFO - [STEP] Opening page: https://ella.vn/
2026-03-26 14:18:02,713 - INFO - [STEP] Click element xpath://div[@class='lf']//span[contains(text(),'Đăng nhập')]
2026-03-26 14:18:02,945 - INFO - [STEP] Input text "nvhoan@gmail.com" to element css:input[placeholder='Email']
2026-03-26 14:18:04,867 - INFO - [STEP] Input text "nvhoan" to element css:input[placeholder='Password']
2026-03-26 14:18:05,019 - INFO - [STEP] Click element xpath://button[contains(text(),'Đăng nhập')]
2026-03-26 14:18:20,329 - INFO - [STEP] No alert → verify page
2026-03-26 14:18:20,752 - INFO - Close browser
2026-03-26 14:18:20,753 - INFO - ================================
2026-03-26 14:21:48,926 - INFO - ================================
2026-03-26 14:21:48,928 - INFO - Browser opened
2026-03-26 14:21:48,934 - INFO - [STEP] Opening page: https://ella.vn/
2026-03-26 14:21:52,754 - INFO - [STEP] Click element xpath://div[@class='lf']//span[contains(text(),'Đăng nhập')]
2026-03-26 14:21:52,936 - INFO - [STEP] Input text "ngvanhoan@gmail.com" to element css:input[placeholder='Email']
2026-03-26 14:21:54,829 - INFO - [STEP] Input text "ngvanhoan" to element css:input[placeholder='Password']
2026-03-26 14:21:55,035 - INFO - [STEP] Click element xpath://button[contains(text(),'Đăng nhập')]
2026-03-26 14:22:07,528 - INFO - [STEP] Element located by: xpath://div[@class='lf']//span[contains(text(),'Thoát')] is visible on the page.
2026-03-26 14:22:07,549 - INFO - [STEP] Element located by: xpath://div[@class='lf']//span[contains(text(),'Thoát')] is visible on the page.
2026-03-26 14:22:07,549 - INFO - =====================================
2026-03-26 14:22:07,554 - INFO - Close browser
2026-03-26 14:22:07,555 - INFO - ================================
2026-03-26 14:23:17,421 - INFO - ================================
2026-03-26 14:23:17,423 - INFO - Browser opened
2026-03-26 14:23:17,431 - INFO - [STEP] Opening page: https://ella.vn/
2026-03-26 14:23:19,225 - INFO - [STEP] Click element xpath://div[@class='lf']//span[contains(text(),'Đăng nhập')]
2026-03-26 14:23:19,493 - INFO - [STEP] Input text "ngvanhoan@gmail.com" to element css:input[placeholder='Email']
2026-03-26 14:23:21,482 - INFO - [STEP] Input text "ngvanhoan" to element css:input[placeholder='Password']
2026-03-26 14:23:21,692 - INFO - [STEP] Click element xpath://button[contains(text(),'Đăng nhập')]
2026-03-26 14:23:27,104 - INFO - [STEP] Reload current page
2026-03-26 14:23:29,968 - INFO - [STEP] Element located by: xpath://div[@class='lf']//span[contains(text(),'Thoát')] is visible on the page.
2026-03-26 14:23:29,993 - INFO - [STEP] Element located by: xpath://div[@class='lf']//span[contains(text(),'Thoát')] is visible on the page.
2026-03-26 14:23:29,994 - INFO - =====================================
2026-03-26 14:23:30,000 - INFO - Close browser
2026-03-26 14:23:30,000 - INFO - ================================
2026-03-26 14:24:19,127 - INFO - ================================
2026-03-26 14:24:19,128 - INFO - Browser opened
2026-03-26 14:24:19,132 - INFO - [STEP] Opening page: https://ella.vn/
2026-03-26 14:24:20,835 - INFO - [STEP] Click element xpath://div[@class='lf']//span[contains(text(),'Đăng nhập')]
2026-03-26 14:24:21,024 - INFO - [STEP] Input text "ngvanhoan@gmail.com" to element css:input[placeholder='Email']
2026-03-26 14:24:22,749 - INFO - [STEP] Input text "ngvanhoan" to element css:input[placeholder='Password']
2026-03-26 14:24:22,996 - INFO - [STEP] Click element xpath://button[contains(text(),'Đăng nhập')]
2026-03-26 14:24:28,390 - INFO - [STEP] Reload current page
2026-03-26 14:24:31,181 - INFO - [STEP] Element located by: xpath://div[@class='lf']//span[contains(text(),'Thoát')] is visible on the page.
2026-03-26 14:24:31,202 - INFO - [STEP] Element located by: xpath://div[@class='lf']//span[contains(text(),'Thoát')] is visible on the page.
2026-03-26 14:24:31,203 - INFO - =====================================
2026-03-26 14:24:31,214 - INFO - [STEP] Opening page: https://ella.vn/
2026-03-26 14:24:33,976 - INFO - [STEP] Click element xpath://div[@class='lf']//span[contains(text(),'Đăng nhập')]
2026-03-26 14:24:44,586 - INFO - Close browser
2026-03-26 14:24:44,586 - INFO - ================================
2026-03-26 14:26:07,089 - INFO - ================================
2026-03-26 14:26:07,089 - INFO - Browser opened
2026-03-26 14:26:07,092 - INFO - [STEP] Opening page: https://ella.vn/
2026-03-26 14:26:10,654 - INFO - [STEP] Click element xpath://div[@class='lf']//span[contains(text(),'Đăng nhập')]
2026-03-26 14:26:10,850 - INFO - [STEP] Input text "tuyetmai99@gmail.com" to element css:input[placeholder='Email']
2026-03-26 14:26:12,589 - INFO - [STEP] Input text "tuyetmai99" to element css:input[placeholder='Password']
2026-03-26 14:26:12,793 - INFO - [STEP] Click element xpath://button[contains(text(),'Đăng nhập')]
2026-03-26 14:26:18,232 - INFO - [STEP] Reload current page
2026-03-26 14:26:21,107 - INFO - [STEP] Element located by: xpath://div[@class='lf']//span[contains(text(),'Thoát')] is visible on the page.
2026-03-26 14:26:21,130 - INFO - [STEP] Element located by: xpath://div[@class='lf']//span[contains(text(),'Thoát')] is visible on the page.
2026-03-26 14:26:21,131 - INFO - =====================================
2026-03-26 14:26:21,140 - INFO - Close browser
2026-03-26 14:26:21,141 - INFO - ================================
2026-03-26 14:50:53,804 - INFO - ================================
2026-03-26 14:50:53,808 - INFO - Browser opened
2026-03-26 14:50:53,823 - INFO - [STEP] Opening page: https://ella.vn/
2026-03-26 14:50:57,832 - INFO - [STEP] Click element xpath://div[@class='lf']//span[contains(text(),'Đăng nhập')]
2026-03-26 14:50:58,018 - INFO - [STEP] Input text "" to element css:input[placeholder='Email']
2026-03-26 14:50:59,783 - INFO - [STEP] Input text "" to element css:input[placeholder='Password']
2026-03-26 14:50:59,950 - INFO - [STEP] Click element xpath://button[contains(text(),'Đăng nhập')]
2026-03-26 14:51:00,090 - INFO - [STEP] Actual validation message: Please fill out this field.
2026-03-26 14:51:00,093 - INFO - [STEP] Expected validation message: Please fill out this field.
2026-03-26 14:51:00,100 - INFO - =====================================
2026-03-26 14:51:00,125 - INFO - [STEP] Opening page: https://ella.vn/
2026-03-26 14:51:00,647 - INFO - [STEP] Click element xpath://div[@class='lf']//span[contains(text(),'Đăng nhập')]
2026-03-26 14:51:00,932 - INFO - [STEP] Input text "tuyetmai99@gmail.com" to element css:input[placeholder='Email']
2026-03-26 14:51:02,720 - INFO - [STEP] Input text "" to element css:input[placeholder='Password']
2026-03-26 14:51:02,961 - INFO - [STEP] Click element xpath://button[contains(text(),'Đăng nhập')]
2026-03-26 14:51:03,148 - INFO - [STEP] Actual validation message: Please fill out this field.
2026-03-26 14:51:03,153 - INFO - [STEP] Expected validation message: Please fill out this field.
2026-03-26 14:51:03,162 - INFO - =====================================
2026-03-26 14:51:03,193 - INFO - [STEP] Opening page: https://ella.vn/
2026-03-26 14:51:03,689 - INFO - [STEP] Click element xpath://div[@class='lf']//span[contains(text(),'Đăng nhập')]
2026-03-26 14:51:03,890 - INFO - [STEP] Input text "" to element css:input[placeholder='Email']
2026-03-26 14:51:05,579 - INFO - [STEP] Input text "tuyetmai99" to element css:input[placeholder='Password']
2026-03-26 14:51:05,740 - INFO - [STEP] Click element xpath://button[contains(text(),'Đăng nhập')]
2026-03-26 14:51:05,862 - INFO - [STEP] Actual validation message: Please fill out this field.
2026-03-26 14:51:05,864 - INFO - [STEP] Expected validation message: Please fill out this field.
2026-03-26 14:51:05,871 - INFO - =====================================
2026-03-26 14:51:05,891 - INFO - [STEP] Opening page: https://ella.vn/
2026-03-26 14:51:06,379 - INFO - [STEP] Click element xpath://div[@class='lf']//span[contains(text(),'Đăng nhập')]
2026-03-26 14:51:06,493 - INFO - [STEP] Input text "tuyetmai99@gmail.com" to element css:input[placeholder='Email']
2026-03-26 14:51:08,179 - INFO - [STEP] Input text "tuyetmai" to element css:input[placeholder='Password']
2026-03-26 14:51:08,406 - INFO - [STEP] Click element xpath://button[contains(text(),'Đăng nhập')]
2026-03-26 14:51:13,678 - INFO - [STEP] Reload current page
2026-03-26 14:51:24,311 - INFO - [STEP] No alert → verify page
2026-03-26 14:51:24,928 - INFO - [STEP] Opening page: https://ella.vn/
2026-03-26 14:51:25,445 - INFO - [STEP] Click element xpath://div[@class='lf']//span[contains(text(),'Đăng nhập')]
2026-03-26 14:51:25,697 - INFO - [STEP] Input text "tuyetmai@gmail.com" to element css:input[placeholder='Email']
2026-03-26 14:51:27,401 - INFO - [STEP] Input text "tuyetmai99" to element css:input[placeholder='Password']
2026-03-26 14:51:27,556 - INFO - [STEP] Click element xpath://button[contains(text(),'Đăng nhập')]
2026-03-26 14:51:32,823 - INFO - [STEP] Reload current page
2026-03-26 14:51:43,482 - INFO - [STEP] No alert → verify page
2026-03-26 14:51:44,061 - INFO - [STEP] Opening page: https://ella.vn/
2026-03-26 14:51:44,535 - INFO - [STEP] Click element xpath://div[@class='lf']//span[contains(text(),'Đăng nhập')]
2026-03-26 14:51:44,794 - INFO - [STEP] Input text "tuyetmai99gmail.com" to element css:input[placeholder='Email']
2026-03-26 14:51:46,640 - INFO - [STEP] Input text "tuyetmai99" to element css:input[placeholder='Password']
2026-03-26 14:51:46,852 - INFO - [STEP] Click element xpath://button[contains(text(),'Đăng nhập')]
2026-03-26 14:51:52,070 - INFO - [STEP] Reload current page
2026-03-26 14:52:02,795 - INFO - [STEP] No alert → verify page
2026-03-26 14:52:03,402 - INFO - [STEP] Opening page: https://ella.vn/
2026-03-26 14:52:03,837 - INFO - [STEP] Click element xpath://div[@class='lf']//span[contains(text(),'Đăng nhập')]
2026-03-26 14:52:04,043 - INFO - [STEP] Input text "tuyetmai99@.com" to element css:input[placeholder='Email']
2026-03-26 14:52:05,822 - INFO - [STEP] Input text "tuyetmai99" to element css:input[placeholder='Password']
2026-03-26 14:52:06,092 - INFO - [STEP] Click element xpath://button[contains(text(),'Đăng nhập')]
2026-03-26 14:52:11,317 - INFO - [STEP] Reload current page
2026-03-26 14:52:21,915 - INFO - [STEP] No alert → verify page
2026-03-26 14:52:22,484 - INFO - [STEP] Opening page: https://ella.vn/
2026-03-26 14:52:22,966 - INFO - [STEP] Click element xpath://div[@class='lf']//span[contains(text(),'Đăng nhập')]
2026-03-26 14:52:23,244 - INFO - [STEP] Input text "tuyetmai@gmail" to element css:input[placeholder='Email']
2026-03-26 14:52:25,031 - INFO - [STEP] Input text "tuyetmai99" to element css:input[placeholder='Password']
2026-03-26 14:52:25,232 - INFO - [STEP] Click element xpath://button[contains(text(),'Đăng nhập')]
2026-03-26 14:52:30,487 - INFO - [STEP] Reload current page
2026-03-26 14:52:41,612 - INFO - [STEP] No alert → verify page
2026-03-26 14:52:42,152 - INFO - [STEP] Opening page: https://ella.vn/
2026-03-26 14:52:43,236 - INFO - [STEP] Click element xpath://div[@class='lf']//span[contains(text(),'Đăng nhập')]
2026-03-26 14:52:43,453 - INFO - [STEP] Input text "tuyetmai99@gmail.com" to element css:input[placeholder='Email']
2026-03-26 14:52:45,192 - INFO - [STEP] Input text "tuyetmai99" to element css:input[placeholder='Password']
2026-03-26 14:52:45,332 - INFO - [STEP] Click element xpath://button[contains(text(),'Đăng nhập')]
2026-03-26 14:52:50,600 - INFO - [STEP] Reload current page
2026-03-26 14:52:53,413 - INFO - [STEP] Element located by: xpath://div[@class='lf']//span[contains(text(),'Thoát')] is visible on the page.
2026-03-26 14:52:53,454 - INFO - [STEP] Element located by: xpath://div[@class='lf']//span[contains(text(),'Thoát')] is visible on the page.
2026-03-26 14:52:53,458 - INFO - =====================================
2026-03-26 14:52:53,481 - INFO - Close browser
2026-03-26 14:52:53,486 - INFO - ================================
2026-03-26 14:53:28,583 - INFO - ================================
2026-03-26 14:53:28,584 - INFO - Browser opened
2026-03-26 14:53:28,589 - INFO - [STEP] Opening page: https://ella.vn/
2026-03-26 14:53:32,305 - INFO - [STEP] Click element xpath://div[@class='lf']//span[contains(text(),'Đăng nhập')]
2026-03-26 14:53:32,450 - INFO - [STEP] Input text "" to element css:input[placeholder='Email']
2026-03-26 14:53:34,378 - INFO - [STEP] Input text "" to element css:input[placeholder='Password']
2026-03-26 14:53:34,479 - INFO - [STEP] Click element xpath://button[contains(text(),'Đăng nhập')]
2026-03-26 14:53:34,582 - INFO - [STEP] Actual validation message: Please fill out this field.
2026-03-26 14:53:34,583 - INFO - [STEP] Expected validation message: Please fill out this field.
2026-03-26 14:53:34,585 - INFO - =====================================
2026-03-26 14:53:34,589 - INFO - [STEP] Opening page: https://ella.vn/
2026-03-26 14:53:35,164 - INFO - [STEP] Click element xpath://div[@class='lf']//span[contains(text(),'Đăng nhập')]
2026-03-26 14:53:35,343 - INFO - [STEP] Input text "tuyetmai99@gmail.com" to element css:input[placeholder='Email']
2026-03-26 14:53:37,066 - INFO - [STEP] Input text "" to element css:input[placeholder='Password']
2026-03-26 14:53:37,284 - INFO - [STEP] Click element xpath://button[contains(text(),'Đăng nhập')]
2026-03-26 14:53:37,377 - INFO - [STEP] Actual validation message: Please fill out this field.
2026-03-26 14:53:37,377 - INFO - [STEP] Expected validation message: Please fill out this field.
2026-03-26 14:53:37,379 - INFO - =====================================
2026-03-26 14:53:37,386 - INFO - [STEP] Opening page: https://ella.vn/
2026-03-26 14:53:38,283 - INFO - [STEP] Click element xpath://div[@class='lf']//span[contains(text(),'Đăng nhập')]
2026-03-26 14:53:38,483 - INFO - [STEP] Input text "" to element css:input[placeholder='Email']
2026-03-26 14:53:40,224 - INFO - [STEP] Input text "tuyetmai99" to element css:input[placeholder='Password']
2026-03-26 14:53:40,415 - INFO - [STEP] Click element xpath://button[contains(text(),'Đăng nhập')]
2026-03-26 14:53:40,559 - INFO - [STEP] Actual validation message: Please fill out this field.
2026-03-26 14:53:40,559 - INFO - [STEP] Expected validation message: Please fill out this field.
2026-03-26 14:53:40,562 - INFO - =====================================
2026-03-26 14:53:40,572 - INFO - [STEP] Opening page: https://ella.vn/
2026-03-26 14:53:41,031 - INFO - [STEP] Click element xpath://div[@class='lf']//span[contains(text(),'Đăng nhập')]
2026-03-26 14:53:41,170 - INFO - [STEP] Input text "tuyetmai99@gmail.com" to element css:input[placeholder='Email']
2026-03-26 14:53:42,938 - INFO - [STEP] Input text "tuyetmai" to element css:input[placeholder='Password']
2026-03-26 14:53:43,115 - INFO - [STEP] Click element xpath://button[contains(text(),'Đăng nhập')]
2026-03-26 14:53:48,401 - INFO - [STEP] Reload current page
2026-03-26 14:53:58,983 - INFO - [STEP] No alert → verify page
2026-03-26 14:53:59,536 - INFO - [STEP] Opening page: https://ella.vn/
2026-03-26 14:53:59,955 - INFO - [STEP] Click element xpath://div[@class='lf']//span[contains(text(),'Đăng nhập')]
2026-03-26 14:54:00,223 - INFO - [STEP] Input text "tuyetmai@gmail.com" to element css:input[placeholder='Email']
2026-03-26 14:54:01,955 - INFO - [STEP] Input text "tuyetmai99" to element css:input[placeholder='Password']
2026-03-26 14:54:02,207 - INFO - [STEP] Click element xpath://button[contains(text(),'Đăng nhập')]
2026-03-26 14:54:07,383 - INFO - [STEP] Reload current page
2026-03-26 14:54:18,233 - INFO - [STEP] No alert → verify page
2026-03-26 14:54:18,865 - INFO - [STEP] Opening page: https://ella.vn/
2026-03-26 14:54:19,546 - INFO - [STEP] Click element xpath://div[@class='lf']//span[contains(text(),'Đăng nhập')]
2026-03-26 14:54:19,818 - INFO - [STEP] Input text "tuyetmai99gmail.com" to element css:input[placeholder='Email']
2026-03-26 14:54:21,620 - INFO - [STEP] Input text "tuyetmai99" to element css:input[placeholder='Password']
2026-03-26 14:54:21,918 - INFO - [STEP] Click element xpath://button[contains(text(),'Đăng nhập')]
2026-03-26 14:54:27,233 - INFO - [STEP] Reload current page
2026-03-26 14:54:38,119 - INFO - [STEP] No alert → verify page
2026-03-26 14:54:38,758 - INFO - [STEP] Opening page: https://ella.vn/
2026-03-26 14:54:39,562 - INFO - [STEP] Click element xpath://div[@class='lf']//span[contains(text(),'Đăng nhập')]
2026-03-26 14:54:39,828 - INFO - [STEP] Input text "tuyetmai99@.com" to element css:input[placeholder='Email']
2026-03-26 14:54:41,610 - INFO - [STEP] Input text "tuyetmai99" to element css:input[placeholder='Password']
2026-03-26 14:54:41,957 - INFO - [STEP] Click element xpath://button[contains(text(),'Đăng nhập')]
2026-03-26 14:54:47,289 - INFO - [STEP] Reload current page
2026-03-26 14:54:57,512 - INFO - [STEP] No alert → verify page
2026-03-26 14:54:58,087 - INFO - [STEP] Opening page: https://ella.vn/
2026-03-26 14:54:58,775 - INFO - [STEP] Click element xpath://div[@class='lf']//span[contains(text(),'Đăng nhập')]
2026-03-26 14:54:59,033 - INFO - [STEP] Input text "tuyetmai@gmail" to element css:input[placeholder='Email']
2026-03-26 14:55:01,055 - INFO - [STEP] Input text "tuyetmai99" to element css:input[placeholder='Password']
2026-03-26 14:55:01,335 - INFO - [STEP] Click element xpath://button[contains(text(),'Đăng nhập')]
2026-03-26 14:55:06,589 - INFO - [STEP] Reload current page
2026-03-26 14:55:16,728 - INFO - [STEP] No alert → verify page
2026-03-26 14:55:17,306 - INFO - [STEP] Opening page: https://ella.vn/
2026-03-26 14:55:18,120 - INFO - [STEP] Click element xpath://div[@class='lf']//span[contains(text(),'Đăng nhập')]
2026-03-26 14:55:18,420 - INFO - [STEP] Input text "tuyetmai99@gmail.com" to element css:input[placeholder='Email']
2026-03-26 14:55:20,447 - INFO - [STEP] Input text "tuyetmai99" to element css:input[placeholder='Password']
2026-03-26 14:55:20,781 - INFO - [STEP] Click element xpath://button[contains(text(),'Đăng nhập')]
2026-03-26 14:55:26,366 - INFO - [STEP] Reload current page
2026-03-26 14:55:29,841 - INFO - [STEP] Element located by: xpath://div[@class='lf']//span[contains(text(),'Thoát')] is visible on the page.
2026-03-26 14:55:29,868 - INFO - [STEP] Element located by: xpath://div[@class='lf']//span[contains(text(),'Thoát')] is visible on the page.
2026-03-26 14:55:29,869 - INFO - =====================================
2026-03-26 14:55:29,875 - INFO - Close browser
2026-03-26 14:55:29,876 - INFO - ================================
2026-03-26 15:08:22,126 - INFO - ================================
2026-03-26 15:08:22,128 - INFO - Browser opened
2026-03-26 15:08:22,133 - INFO - [STEP] Opening page: https://ella.vn/
2026-03-26 15:08:26,310 - INFO - [STEP] Click element xpath://div[@class='lf']//span[contains(text(),'Đăng nhập')]
2026-03-26 15:08:28,680 - INFO - [STEP] Input text "" to element css:input[placeholder='Email']
2026-03-26 15:08:30,489 - INFO - [STEP] Input text "" to element css:input[placeholder='Password']
2026-03-26 15:08:30,686 - INFO - [STEP] Click element xpath://button[contains(text(),'Đăng nhập')]
2026-03-26 15:08:30,850 - INFO - [STEP] Actual validation message: Please fill out this field.
2026-03-26 15:08:30,851 - INFO - [STEP] Expected validation message: Please fill out this field.
2026-03-26 15:08:30,855 - INFO - =====================================
2026-03-26 15:08:30,867 - INFO - [STEP] Opening page: https://ella.vn/
2026-03-26 15:08:31,379 - INFO - [STEP] Click element xpath://div[@class='lf']//span[contains(text(),'Đăng nhập')]
2026-03-26 15:08:31,637 - INFO - [STEP] Input text "tuyetmai99@gmail.com" to element css:input[placeholder='Email']
2026-03-26 15:08:33,439 - INFO - [STEP] Input text "" to element css:input[placeholder='Password']
2026-03-26 15:08:33,645 - INFO - [STEP] Click element xpath://button[contains(text(),'Đăng nhập')]
2026-03-26 15:08:33,843 - INFO - [STEP] Actual validation message: Please fill out this field.
2026-03-26 15:08:33,844 - INFO - [STEP] Expected validation message: Please fill out this field.
2026-03-26 15:08:33,847 - INFO - =====================================
2026-03-26 15:08:33,857 - INFO - [STEP] Opening page: https://ella.vn/
2026-03-26 15:08:34,384 - INFO - [STEP] Click element xpath://div[@class='lf']//span[contains(text(),'Đăng nhập')]
2026-03-26 15:08:34,524 - INFO - [STEP] Input text "" to element css:input[placeholder='Email']
2026-03-26 15:08:36,216 - INFO - [STEP] Input text "tuyetmai99" to element css:input[placeholder='Password']
2026-03-26 15:08:36,364 - INFO - [STEP] Click element xpath://button[contains(text(),'Đăng nhập')]
2026-03-26 15:08:36,497 - INFO - [STEP] Actual validation message: Please fill out this field.
2026-03-26 15:08:36,497 - INFO - [STEP] Expected validation message: Please fill out this field.
2026-03-26 15:08:36,499 - INFO - =====================================
2026-03-26 15:08:36,509 - INFO - [STEP] Opening page: https://ella.vn/
2026-03-26 15:08:36,943 - INFO - [STEP] Click element xpath://div[@class='lf']//span[contains(text(),'Đăng nhập')]
2026-03-26 15:08:37,074 - INFO - [STEP] Input text "tuyetmai99@gmail.com" to element css:input[placeholder='Email']
2026-03-26 15:08:38,824 - INFO - [STEP] Input text "tuyetmai" to element css:input[placeholder='Password']
2026-03-26 15:08:39,031 - INFO - [STEP] Click element xpath://button[contains(text(),'Đăng nhập')]
2026-03-26 15:08:41,198 - INFO - [STEP] Element located by: xpath://div[contains(text(),'Tài khoản hoặc mật khẩu không chính xác')] is visible on the page.
2026-03-26 15:08:41,252 - INFO - [STEP] Error message: Tài khoản hoặc mật khẩu không chính xác
2026-03-26 15:08:41,253 - INFO - [STEP] Expected: Tài khoản hoặc mật khẩu không chính xác
2026-03-26 15:08:41,254 - INFO - =====================================
2026-03-26 15:08:41,263 - INFO - [STEP] Opening page: https://ella.vn/
2026-03-26 15:08:41,691 - INFO - [STEP] Click element xpath://div[@class='lf']//span[contains(text(),'Đăng nhập')]
2026-03-26 15:08:41,890 - INFO - [STEP] Input text "tuyetmai@gmail.com" to element css:input[placeholder='Email']
2026-03-26 15:08:43,855 - INFO - [STEP] Input text "tuyetmai99" to element css:input[placeholder='Password']
2026-03-26 15:08:44,068 - INFO - [STEP] Click element xpath://button[contains(text(),'Đăng nhập')]
2026-03-26 15:08:46,018 - INFO - [STEP] Element located by: xpath://div[contains(text(),'Tài khoản hoặc mật khẩu không chính xác')] is visible on the page.
2026-03-26 15:08:46,046 - INFO - [STEP] Error message: Tài khoản hoặc mật khẩu không chính xác
2026-03-26 15:08:46,047 - INFO - [STEP] Expected: Tài khoản hoặc mật khẩu không chính xác
2026-03-26 15:08:46,048 - INFO - =====================================
2026-03-26 15:08:46,057 - INFO - [STEP] Opening page: https://ella.vn/
2026-03-26 15:08:46,490 - INFO - [STEP] Click element xpath://div[@class='lf']//span[contains(text(),'Đăng nhập')]
2026-03-26 15:08:46,666 - INFO - [STEP] Input text "tuyetmai99gmail.com" to element css:input[placeholder='Email']
2026-03-26 15:08:48,465 - INFO - [STEP] Input text "tuyetmai99" to element css:input[placeholder='Password']
2026-03-26 15:08:48,724 - INFO - [STEP] Click element xpath://button[contains(text(),'Đăng nhập')]
2026-03-26 15:08:50,649 - INFO - [STEP] Element located by: xpath://div[contains(text(),'Tài khoản hoặc mật khẩu không chính xác')] is visible on the page.
2026-03-26 15:08:50,681 - INFO - [STEP] Error message: Tài khoản hoặc mật khẩu không chính xác
2026-03-26 15:08:50,682 - INFO - [STEP] Expected: Tài khoản hoặc mật khẩu không chính xác
2026-03-26 15:08:50,684 - INFO - =====================================
2026-03-26 15:08:50,692 - INFO - [STEP] Opening page: https://ella.vn/
2026-03-26 15:08:51,116 - INFO - [STEP] Click element xpath://div[@class='lf']//span[contains(text(),'Đăng nhập')]
2026-03-26 15:08:51,274 - INFO - [STEP] Input text "tuyetmai99@.com" to element css:input[placeholder='Email']
2026-03-26 15:08:52,977 - INFO - [STEP] Input text "tuyetmai99" to element css:input[placeholder='Password']
2026-03-26 15:08:53,227 - INFO - [STEP] Click element xpath://button[contains(text(),'Đăng nhập')]
2026-03-26 15:08:54,999 - INFO - [STEP] Element located by: xpath://div[contains(text(),'Tài khoản hoặc mật khẩu không chính xác')] is visible on the page.
2026-03-26 15:08:55,027 - INFO - [STEP] Error message: Tài khoản hoặc mật khẩu không chính xác
2026-03-26 15:08:55,028 - INFO - [STEP] Expected: Tài khoản hoặc mật khẩu không chính xác
2026-03-26 15:08:55,029 - INFO - =====================================
2026-03-26 15:08:55,042 - INFO - [STEP] Opening page: https://ella.vn/
2026-03-26 15:08:55,488 - INFO - [STEP] Click element xpath://div[@class='lf']//span[contains(text(),'Đăng nhập')]
2026-03-26 15:08:55,599 - INFO - [STEP] Input text "tuyetmai@gmail" to element css:input[placeholder='Email']
2026-03-26 15:08:57,847 - INFO - [STEP] Input text "tuyetmai99" to element css:input[placeholder='Password']
2026-03-26 15:08:58,070 - INFO - [STEP] Click element xpath://button[contains(text(),'Đăng nhập')]
2026-03-26 15:09:00,041 - INFO - [STEP] Element located by: xpath://div[contains(text(),'Tài khoản hoặc mật khẩu không chính xác')] is visible on the page.
2026-03-26 15:09:00,082 - INFO - [STEP] Error message: Tài khoản hoặc mật khẩu không chính xác
2026-03-26 15:09:00,083 - INFO - [STEP] Expected: Tài khoản hoặc mật khẩu không chính xác
2026-03-26 15:09:00,085 - INFO - =====================================
2026-03-26 15:09:00,100 - INFO - [STEP] Opening page: https://ella.vn/
2026-03-26 15:09:00,539 - INFO - [STEP] Click element xpath://div[@class='lf']//span[contains(text(),'Đăng nhập')]
2026-03-26 15:09:00,690 - INFO - [STEP] Input text "tuyetmai99@gmail.com" to element css:input[placeholder='Email']
2026-03-26 15:09:02,435 - INFO - [STEP] Input text "tuyetmai99" to element css:input[placeholder='Password']
2026-03-26 15:09:02,689 - INFO - [STEP] Click element xpath://button[contains(text(),'Đăng nhập')]
2026-03-26 15:09:12,967 - INFO - [STEP] Reload current page
2026-03-26 15:09:15,653 - INFO - [STEP] Element located by: xpath://div[@class='lf']//span[contains(text(),'Thoát')] is visible on the page.
2026-03-26 15:09:15,679 - INFO - [STEP] Element located by: xpath://div[@class='lf']//span[contains(text(),'Thoát')] is visible on the page.
2026-03-26 15:09:15,680 - INFO - =====================================
2026-03-26 15:09:15,686 - INFO - Close browser
2026-03-26 15:09:15,686 - INFO - ================================
2026-03-26 15:14:47,446 - INFO - ================================
2026-03-26 15:14:47,449 - INFO - Browser opened
2026-03-26 15:14:47,459 - INFO - [STEP] Opening page: https://ella.vn/
2026-03-26 15:14:53,326 - INFO - [STEP] Click element xpath://div[@class='lf']//span[contains(text(),'Đăng nhập')]
2026-03-26 15:14:53,511 - INFO - [STEP] Input text "" to element css:input[placeholder='Email']
2026-03-26 15:14:55,266 - INFO - [STEP] Input text "" to element css:input[placeholder='Password']
2026-03-26 15:14:55,480 - INFO - [STEP] Click element xpath://button[contains(text(),'Đăng nhập')]
2026-03-26 15:14:55,730 - INFO - [STEP] Actual validation message: Please fill out this field.
2026-03-26 15:14:55,734 - INFO - [STEP] Expected validation message: Please fill out this field.
2026-03-26 15:14:55,739 - INFO - =====================================
2026-03-26 15:14:55,759 - INFO - [STEP] Opening page: https://ella.vn/
2026-03-26 15:14:56,364 - INFO - [STEP] Click element xpath://div[@class='lf']//span[contains(text(),'Đăng nhập')]
2026-03-26 15:14:56,559 - INFO - [STEP] Input text "tuyetmai99@gmail.com" to element css:input[placeholder='Email']
2026-03-26 15:14:58,269 - INFO - [STEP] Input text "" to element css:input[placeholder='Password']
2026-03-26 15:14:58,487 - INFO - [STEP] Click element xpath://button[contains(text(),'Đăng nhập')]
2026-03-26 15:14:58,631 - INFO - [STEP] Actual validation message: Please fill out this field.
2026-03-26 15:14:58,635 - INFO - [STEP] Expected validation message: Please fill out this field.
2026-03-26 15:14:58,639 - INFO - =====================================
2026-03-26 15:14:58,664 - INFO - [STEP] Opening page: https://ella.vn/
2026-03-26 15:14:59,105 - INFO - [STEP] Click element xpath://div[@class='lf']//span[contains(text(),'Đăng nhập')]
2026-03-26 15:14:59,253 - INFO - [STEP] Input text "" to element css:input[placeholder='Email']
2026-03-26 15:15:00,870 - INFO - [STEP] Input text "tuyetmai99" to element css:input[placeholder='Password']
2026-03-26 15:15:01,010 - INFO - [STEP] Click element xpath://button[contains(text(),'Đăng nhập')]
2026-03-26 15:15:01,142 - INFO - [STEP] Actual validation message: Please fill out this field.
2026-03-26 15:15:01,145 - INFO - [STEP] Expected validation message: Please fill out this field.
2026-03-26 15:15:01,157 - INFO - =====================================
2026-03-26 15:15:01,205 - INFO - [STEP] Opening page: https://ella.vn/
2026-03-26 15:15:01,675 - INFO - [STEP] Click element xpath://div[@class='lf']//span[contains(text(),'Đăng nhập')]
2026-03-26 15:15:01,817 - INFO - [STEP] Input text "tuyetmai99@gmail.com" to element css:input[placeholder='Email']
2026-03-26 15:15:03,537 - INFO - [STEP] Input text "tuyetmai" to element css:input[placeholder='Password']
2026-03-26 15:15:03,774 - INFO - [STEP] Click element xpath://button[contains(text(),'Đăng nhập')]
2026-03-26 15:15:05,957 - INFO - [STEP] Element located by: xpath://div[contains(text(),'Tài khoản hoặc mật khẩu không chính xác')] is visible on the page.
2026-03-26 15:15:06,050 - INFO - [STEP] Error message: Tài khoản hoặc mật khẩu không chính xác
2026-03-26 15:15:06,056 - INFO - [STEP] Expected: Tài khoản hoặc mật khẩu không chính xác
2026-03-26 15:15:06,063 - INFO - =====================================
2026-03-26 15:15:06,104 - INFO - [STEP] Opening page: https://ella.vn/
2026-03-26 15:15:06,742 - INFO - [STEP] Click element xpath://div[@class='lf']//span[contains(text(),'Đăng nhập')]
2026-03-26 15:15:07,016 - INFO - [STEP] Input text "tuyetmai@gmail.com" to element css:input[placeholder='Email']
2026-03-26 15:15:08,755 - INFO - [STEP] Input text "tuyetmai99" to element css:input[placeholder='Password']
2026-03-26 15:15:08,954 - INFO - [STEP] Click element xpath://button[contains(text(),'Đăng nhập')]
2026-03-26 15:15:10,594 - INFO - [STEP] Element located by: xpath://div[contains(text(),'Tài khoản hoặc mật khẩu không chính xác')] is visible on the page.
2026-03-26 15:15:10,633 - INFO - [STEP] Error message: Tài khoản hoặc mật khẩu không chính xác
2026-03-26 15:15:10,636 - INFO - [STEP] Expected: Tài khoản hoặc mật khẩu không chính xác
2026-03-26 15:15:10,641 - INFO - =====================================
2026-03-26 15:15:10,671 - INFO - [STEP] Opening page: https://ella.vn/
2026-03-26 15:15:11,154 - INFO - [STEP] Click element xpath://div[@class='lf']//span[contains(text(),'Đăng nhập')]
2026-03-26 15:15:11,297 - INFO - [STEP] Input text "tuyetmai99gmail.com" to element css:input[placeholder='Email']
2026-03-26 15:15:13,038 - INFO - [STEP] Input text "tuyetmai99" to element css:input[placeholder='Password']
2026-03-26 15:15:13,224 - INFO - [STEP] Click element xpath://button[contains(text(),'Đăng nhập')]
2026-03-26 15:15:14,936 - INFO - [STEP] Element located by: xpath://div[contains(text(),'Tài khoản hoặc mật khẩu không chính xác')] is visible on the page.
2026-03-26 15:15:14,970 - INFO - [STEP] Error message: Tài khoản hoặc mật khẩu không chính xác
2026-03-26 15:15:14,972 - INFO - [STEP] Expected: Tài khoản hoặc mật khẩu không chính xác
2026-03-26 15:15:14,975 - INFO - =====================================
2026-03-26 15:15:14,992 - INFO - [STEP] Opening page: https://ella.vn/
2026-03-26 15:15:15,424 - INFO - [STEP] Click element xpath://div[@class='lf']//span[contains(text(),'Đăng nhập')]
2026-03-26 15:15:15,575 - INFO - [STEP] Input text "tuyetmai99@.com" to element css:input[placeholder='Email']
2026-03-26 15:15:17,278 - INFO - [STEP] Input text "tuyetmai99" to element css:input[placeholder='Password']
2026-03-26 15:15:17,439 - INFO - [STEP] Click element xpath://button[contains(text(),'Đăng nhập')]
2026-03-26 15:15:19,078 - INFO - [STEP] Element located by: xpath://div[contains(text(),'Tài khoản hoặc mật khẩu không chính xác')] is visible on the page.
2026-03-26 15:15:19,132 - INFO - [STEP] Error message: Tài khoản hoặc mật khẩu không chính xác
2026-03-26 15:15:19,136 - INFO - [STEP] Expected: Tài khoản hoặc mật khẩu không chính xác
2026-03-26 15:15:19,142 - INFO - =====================================
2026-03-26 15:15:19,167 - INFO - [STEP] Opening page: https://ella.vn/
2026-03-26 15:15:19,623 - INFO - [STEP] Click element xpath://div[@class='lf']//span[contains(text(),'Đăng nhập')]
2026-03-26 15:15:19,823 - INFO - [STEP] Input text "tuyetmai@gmail" to element css:input[placeholder='Email']
2026-03-26 15:15:21,538 - INFO - [STEP] Input text "tuyetmai99" to element css:input[placeholder='Password']
2026-03-26 15:15:21,767 - INFO - [STEP] Click element xpath://button[contains(text(),'Đăng nhập')]
2026-03-26 15:15:23,489 - INFO - [STEP] Element located by: xpath://div[contains(text(),'Tài khoản hoặc mật khẩu không chính xác')] is visible on the page.
2026-03-26 15:15:23,533 - INFO - [STEP] Error message: Tài khoản hoặc mật khẩu không chính xác
2026-03-26 15:15:23,539 - INFO - [STEP] Expected: Tài khoản hoặc mật khẩu không chính xác
2026-03-26 15:15:23,546 - INFO - =====================================
2026-03-26 15:15:23,587 - INFO - [STEP] Opening page: https://ella.vn/
2026-03-26 15:15:24,251 - INFO - [STEP] Click element xpath://div[@class='lf']//span[contains(text(),'Đăng nhập')]
2026-03-26 15:15:24,459 - INFO - [STEP] Input text "tuyetmai99@gmail.com" to element css:input[placeholder='Email']
2026-03-26 15:15:26,188 - INFO - [STEP] Input text "tuyetmai99" to element css:input[placeholder='Password']
2026-03-26 15:15:26,415 - INFO - [STEP] Click element xpath://button[contains(text(),'Đăng nhập')]
2026-03-26 15:15:36,693 - INFO - [STEP] Reload current page
2026-03-26 15:15:39,411 - INFO - [STEP] Element located by: xpath://div[@class='lf']//span[contains(text(),'Thoát')] is visible on the page.
2026-03-26 15:15:39,436 - INFO - [STEP] Element located by: xpath://div[@class='lf']//span[contains(text(),'Thoát')] is visible on the page.
2026-03-26 15:15:39,438 - INFO - =====================================
2026-03-26 15:15:39,453 - INFO - Close browser
2026-03-26 15:15:39,456 - INFO - ================================
